4 281 280 291 135
3 161 246 251
2 228 141
2 296 76
2 209 126
3 206 137 64
2 256 94
4 193 261 88 236
2 290 295
3 93 117 213
2 13 292
3 95 31 183
3 278 184 16
4 35 275 84 168
3 149 32 73
4 224 41 56 6
3 266 178 15
3 123 20 85
2 127 36
4 61 57 274 157
2 113 25
2 201 289
3 14 155 176
4 3 263 11 124
3 30 63 130
4 250 279 17 190
2 170 143
4 132 220 8 29
2 196 77
2 252 89
4 177 270 232 65
3 192 181 120
3 45 131 4
4 175 293 286 70
2 59 74
4 7 298 79 104
3 136 205 260
4 215 19 191 255
2 0 125
2 75 284
2 140 1
3 248 87 204
2 58 271
2 27 111
2 105 249
3 82 138 90
3 273 197 207
6 24 262 267 166 28 240
3 186 151 160
3 121 34 142
3 108 231 282
3 139 116 158
2 152 200
3 182 185 174
3 214 269 244
2 233 276
4 109 287 22 237
2 283 285
6 44 23 38 86 268 99
3 173 165 257
3 107 150 145
3 67 187 112
2 146 48
4 115 225 212 119
2 242 134
4 294 229 110 299
4 60 179 52 202
3 163 42 71
3 238 226 50
2 227 114
2 68 241
3 148 97 128
2 78 96
3 171 81 144
3 21 188 106
3 101 9 216
3 189 83 12
2 62 10
3 66 259 208
5 55 47 253 211 180
4 230 247 169 159
2 98 219
3 172 243 203
5 218 46 102 199 198
3 167 72 37
2 265 80
3 272 234 100
4 122 18 223 153
2 156 217
3 91 53 258
4 133 264 195 69
3 26 239 162
4 5 245 118 164
3 154 221 235
3 210 49 103
4 222 54 40 92
3 39 297 51
2 129 33
4 277 2 147 43
3 288 254 194
