32 6520 6994 8800 8122 2993 7361 7408 9250 2175 5306 6343 1796 2144 6434 8036 4040 1825 2146 6192 3951 7633 3167 4114 6537 1465 220 128 2538 346 3826 5081 3027
29 262 3141 6886 2878 8971 2967 8615 2102 3122 6291 5514 3169 410 4357 238 7907 9735 2210 5930 5184 2892 5612 728 9039 4364 5256 5087 5169 6293
25 9702 5581 1959 1335 6227 6390 7923 9313 4612 4362 4856 8100 3551 9343 8098 4447 6340 4198 7397 9299 8798 1316 8503 7375 6217
17 2007 2972 2364 3366 2494 7447 140 9568 7226 471 3674 8359 2021 4027 9831 8770 6482
20 9099 3207 826 5960 8375 4917 2724 2412 5153 4681 770 2543 2530 9202 6833 4260 5709 5929 1330 2265
35 4144 5764 4481 6797 3769 2492 8856 6123 2367 2111 8084 4200 6618 2195 3577 4731 4348 1504 9430 7327 1764 3032 9180 422 3212 7826 8536 7768 1036 6175 27 7058 4758 3999 1539
17 7904 2979 1011 7773 6793 9454 6936 1965 3981 6271 3450 87 5652 9514 2957 9914 2354
32 2343 2372 285 3161 2900 3423 2213 2167 8612 925 8869 9330 3478 2607 6806 5741 669 7232 1306 5584 8866 1517 1735 4326 8450 1777 9898 7430 9543 3242 2055 502
17 5317 3540 5349 8890 2461 8131 9096 3465 2998 9926 5315 393 6667 3643 1701 5225 8344
30 4898 5206 3806 5383 2396 5036 8457 9529 112 3316 5096 6991 810 8582 3157 8996 4729 8467 7445 6385 6742 7011 6318 9159 821 888 7832 5033 2950 4411
25 8452 208 6845 7559 1974 3590 9706 5099 3761 6646 6446 1662 503 3950 325 3448 7589 2988 7749 1253 4002 5171 4310 8727 5417
35 7329 9042 3929 4794 258 3855 5861 3319 9691 6847 4904 7044 5235 7101 6998 8045 2755 2458 1130 3961 512 9125 667 9432 4737 9361 1445 6587 6958 47 6314 8437 6996 1226 4940
23 6363 1252 5516 3306 2235 7154 1597 1110 166 7323 878 2315 1321 860 5107 3747 3561 1656 2669 5572 2870 4049 3086
19 5864 5851 1097 383 3334 1340 7998 842 948 9695 3483 104 6267 1399 4516 2355 5537 6887 6319
34 2693 8908 9046 6489 4082 4137 8855 7155 8152 6436 1780 8495 2734 7756 260 8927 8012 4799 3589 7540 7175 9962 3382 5805 9120 7656 6453 2187 4785 6393 2483 3281 2637 2031
37 1480 1322 5501 75 696 1543 900 6796 8148 6970 4546 5130 8898 2588 8484 3279 8186 5740 3078 1248 2824 9932 51 7074 7513 4381 9003 6450 8537 2603 3977 2469 6869 9598 7853 3742 3552
22 5739 1289 3007 31 1208 7944 6469 8714 7644 4543 7734 7462 8029 4008 4753 9241 9572 273 7879 8456 3384 4557
19 6072 4930 6808 2145 5759 1861 5469 8338 7762 2140 3601 4866 1663 2717 933 4608 8925 5408 8824
20 7003 9763 8932 3907 9560 8614 6130 3798 1222 6590 9382 1958 8192 3468 463 339 8907 6525 5207 8809
29 8606 712 8347 1249 3368 4534 2222 1912 276 4858 5399 5093 348 9554 1264 7557 8626 9427 3270 1362 953 1799 3132 5850 5881 6071 9344 8206 4949
21 7882 7258 5020 6850 4457 968 6334 695 2788 6147 5067 7785 5488 7486 2794 1305 6238 8529 8636 6641 6999
20 8070 5705 9062 960 2327 5668 8558 4013 4104 4065 4401 718 8380 7795 9262 4807 2310 3916 529 9504
18 2298 6822 7496 1601 7272 6270 6458 5444 691 704 8334 8840 2622 1263 6422 8941 5200 5982
30 3905 3536 793 5644 5451 6775 6733 4490 7627 299 5170 7997 1397 7037 9977 8961 7360 5609 3354 7307 4179 9752 8645 7032 6111 6990 6571 7437 3214 5965
26 7314 7703 3913 945 6983 7614 6882 8059 131 6930 8635 936 637 7585 8788 5939 2579 8311 3405 9810 3568 9989 618 8919 5603 1020
17 2491 8492 5638 9340 1218 2016 2319 4953 3322 1319 5746 8426 8880 513 940 5589 641
20 2735 3555 8716 4385 1293 351 367 1740 4833 1732 8341 4939 4649 7582 8092 5242 9410 4227 2473 8071
33 6462 1180 2467 4845 8948 5016 5420 7755 304 6083 736 7902 4109 8550 683 86 7369 1916 1950 9269 1813 3496 2537 4172 9102 6187 4393 868 1314 6606 1954 6471 6372
23 7028 9359 4886 186 88 7867 2033 6708 298 7140 6836 2598 3519 6279 7123 3816 5154 7263 6153 4976 3222 7836 8254
31 881 4981 33 528 3811 9162 9829 2168 9956 4001 541 5726 6457 8764 4503 2342 9607 2600 464 8496 8200 4246 7914 4278 930 8073 146 6442 8421 2181 3629
24 39 3504 8112 9953 4021 597 7158 3550 1546 9609 1080 8703 2120 4653 1230 8429 48 6133 961 1997 2039 831 8509 2797
25 9509 3511 6329 8500 593 7908 4297 2565 2648 8340 981 4464 6739 6852 7912 5835 5350 5447 1122 8433 5606 6538 3622 9249 9952
22 3187 9839 7176 8286 559 495 7869 5685 7029 5729 3294 4679 4615 1176 5711 2169 2971 1141 8903 5952 2425 5211
28 3864 9803 5384 5341 5938 7440 7699 7691 7740 3596 3878 9947 1410 5860 3775 9779 4033 3894 9745 9828 9786 5848 7085 3793 9353 8588 8312 8197
23 8038 7558 4571 1050 2706 7909 9152 2312 8631 5767 8285 2848 77 8806 3834 6862 6212 3378 6156 5810 6826 8202 8412
16 6830 6455 3534 5828 8756 5990 6561 163 6213 2623 6228 1714 1770 9365 719 2486
37 5437 9748 547 29 4459 7335 1144 67 7269 3052 8826 6558 523 7201 439 20 6364 4585 9150 7922 9033 1692 1207 9064 1113 6839 4311 6522 9508 1887 6199 9058 1032 4422 8050 3011 7488
36 4998 8663 5984 9400 3591 7532 1408 9637 3118 7045 2686 1807 2452 6232 6741 3445 4583 6277 4771 6288 6748 4973 3971 3064 5057 2084 9704 3646 8062 1145 8107 8234 8385 4351 8680 4727
25 6362 742 5752 4394 1644 1563 6263 4634 4080 5376 4429 3994 8171 7310 5904 9683 8211 1382 5882 2013 1161 3040 952 4358 9337
14 8160 1004 4181 5819 1707 2418 4089 127 2426 5351 2525 9878 4472 458
22 8991 4952 1056 703 6569 247 5432 9174 188 6383 5770 5838 2745 1884 5813 6864 9957 1649 3408 3419 3272 9483
12 3134 8246 3152 9535 4006 9871 2063 3854 9367 6654 2528 5141
10 1817 7678 8235 1125 1653 9200 82 1685 4657 8586
21 3198 5103 4112 3839 293 2844 4789 4466 9612 3880 3153 2513 7688 5112 5332 9189 2799 1018 1713 363 412
23 4303 1111 9599 5373 7831 8175 2698 8382 9291 1811 4264 5933 3220 4504 1164 9304 6328 5715 777 8301 8149 9984 5903
20 4996 7560 3441 7894 1561 4594 182 8774 8906 7334 3725 6912 4416 4742 1839 6974 9407 9772 8189 8886
26 6548 2164 879 453 4388 2245 8950 5092 6637 2329 5061 807 4980 7803 7846 4706 846 9209 9207 681 5145 601 5066 4430 3653 3560
21 8732 8108 400 8796 6190 3848 3699 399 6246 5620 6096 2590 8208 3250 1682 6728 979 2447 9094 1443 1064
30 9503 9986 3692 4305 457 824 3998 3026 239 8656 4211 3765 4958 2903 4206 3017 7380 3714 2783 53 4356 2472 6815 8811 3347 2443 2474 9901 6657 4355
31 9011 8981 4069 1664 8604 2911 3751 3326 8164 133 8026 5544 5180 3715 3484 2762 1292 8288 9139 74 7366 2233 4692 903 4330 4107 4207 7984 9440 891 4971
30 2881 1430 4986 850 3872 7645 7980 2254 7455 3183 4316 6988 9511 2558 8896 4629 4955 7625 9113 7364 4694 4579 7864 8177 9720 4511 5978 1184 8665 8878
23 9764 5325 2421 3022 4267 7621 1 8514 80 3417 7647 4083 5409 4882 843 8860 531 2066 3447 3313 9037 6661 3297
24 7182 4660 6717 5666 5177 2191 2645 2116 9597 9515 2133 7353 602 9589 5806 4690 8738 4151 710 7781 1971 8176 9883 8773
21 605 9755 4499 3225 8345 3695 5305 8540 2546 4141 7552 425 2208 32 3823 1396 5356 3609 2318 8140 4070
20 1107 8973 4003 560 756 4379 397 5582 1926 4642 4068 7730 2077 551 5089 6426 5780 1834 8020 7581
21 6834 6671 6874 3850 3786 3353 7107 5295 7239 5832 754 8127 1156 6820 5845 4860 2335 874 8995 6575 5910
26 2605 1582 7931 3003 1994 5852 5547 2771 9164 7061 9471 7260 6142 6639 5520 8518 1873 8275 3300 6419 3988 5358 8129 200 4527 589
19 6740 8040 1726 8486 9468 6272 1332 4295 5771 4132 5465 2435 1279 7778 492 1058 8487 6325 5008
31 558 5470 8618 1579 5912 5561 5854 1696 1196 530 3226 9983 3093 287 1137 1173 4880 6507 9457 4312 9812 6563 2873 2739 1605 1409 322 2604 572 7398 8968
20 2288 7940 2791 7021 2877 5781 1615 8348 4509 4599 4819 5716 9863 1493 1962 5400 4879 6589 3080 5557
27 9624 9885 5085 8399 8831 7524 3909 9417 384 9473 1619 1798 5656 947 6987 765 2415 9117 4836 9122 7901 5101 9348 3740 6330 5725 9913
14 7476 7631 6188 9838 1102 9459 4147 2320 3899 3805 3700 8659 9615 7187
31 6382 3452 5339 7687 6881 7639 1275 1906 2510 2130 7162 2123 7332 972 7800 6224 9108 8930 7967 8814 1403 2238 7799 1633 8694 7789 9528 7138 207 7712 5391
22 6581 1668 3469 6723 350 6053 5434 2023 1812 5969 5360 2113 8958 0 4822 4487 4030 7617 1013 3639 2756 8099
30 1773 6595 3836 5875 8434 8191 1657 2909 3921 5032 7905 3059 3914 2807 646 2981 2965 9690 3460 9170 2576 1002 7031 5576 5187 452 9134 4556 6860 4252
33 7280 5917 8482 2363 1526 5113 1223 8845 7841 9513 2804 5043 2328 3020 2255 3144 1386 2336 4314 7722 5570 598 407 5856 7750 1637 1547 6652 9415 5134 8953 6873 6650
22 8239 4335 2324 8731 3049 76 4254 9694 2940 5125 3079 3387 7791 8685 3088 2188 3280 8441 4762 1266 1991 7262
30 2204 7675 6883 7674 517 7407 5844 614 7729 7570 6154 5396 2925 7052 7983 3251 5386 3736 9813 8256 2267 5567 7056 2487 5896 3746 5540 2737 4853 8083
20 7347 6599 1893 7811 9345 2172 6355 6704 9238 2670 1098 577 808 7340 1558 3031 2956 7956 5580 2337
15 7966 9636 1689 7251 4650 3361 2453 7643 2649 6960 4138 7298 782 4242 876
28 3508 5241 4568 7301 7661 922 3293 2832 9793 9641 3976 4320 356 2154 1260 4854 585 9143 6198 9726 7686 8628 5744 804 8188 7091 7857 2131
28 5156 2760 706 9640 7426 1231 5754 477 7651 6824 1328 1234 1794 7525 1779 6664 7144 8123 4693 3698 3224 7735 2446 5972 2361 8852 4192 3936
29 5763 5988 2790 7820 7171 7190 2675 6943 4764 7017 2274 6531 3628 1981 9282 7976 7477 6164 1203 4945 6658 6478 8406 3920 797 1343 7120 3696 3527
21 1721 9479 5732 9307 4748 1838 4304 4683 7507 3824 9211 663 1181 9362 7786 7300 3489 5731 3190 733 7110
23 2134 2058 2177 7671 187 2544 358 5237 9506 3958 1243 5702 9999 929 9662 7893 9859 5539 5742 8992 9917 2515 5883
19 264 3737 9982 2687 6059 1867 2052 1651 5538 3833 5792 6026 1626 4449 5859 4763 5676 5022 249
21 7373 717 2567 1449 5433 6914 216 1705 2347 8168 1998 5841 9818 8532 4708 1944 5987 7985 7550 9289 3490
33 8464 3012 8104 7858 3404 4956 5683 1345 5611 554 8962 2158 1100 4463 1187 9731 6718 7696 4505 3812 2224 7670 9993 195 4210 8132 8760 7994 7161 4529 4199 6099 8430
35 928 7571 7170 3406 9777 6927 2823 9191 2555 5240 1932 6040 4331 4699 96 214 3046 9781 8954 8204 5047 4524 2932 1044 419 1818 3541 8841 3096 8250 2847 2457 5379 1878 7149
18 2591 5653 5411 2566 4518 2781 5438 3098 9625 7102 8069 5476 2679 8448 7372 3575 6003 272
31 5426 3758 7238 7974 5596 192 9792 7223 6880 6532 9487 4402 3500 1611 1005 9941 3652 4022 1301 2098 5220 514 9546 4213 1353 6174 3076 4051 4177 8238 9886
16 4924 6015 1815 9661 9876 7642 5575 2043 4290 2713 7952 6992 7716 8792 2171 4214
29 9489 9356 5563 7819 6428 4710 2635 4343 4056 1518 8601 6787 2295 2100 8724 1589 3820 6673 2641 3302 7088 9497 259 3627 5707 8479 5662 2378 5342
20 4301 6547 862 9197 2062 9714 2275 5046 5710 359 8691 7537 3196 2332 5940 8584 8719 5439 4561 9894
24 8721 562 3084 411 8054 1287 8802 4738 1745 9853 6698 6488 2214 8758 5782 7861 2789 5591 9658 9804 3937 4555 9439 6745
36 4087 6416 3041 9591 668 8021 6261 621 3753 8602 9882 3562 1587 374 7608 6167 6749 3730 4627 2961 7704 8381 7474 2743 7698 4752 7605 297 8603 3728 2731 1790 9544 951 8892 8641
28 9100 1869 9245 5977 9176 5610 9638 330 5346 9602 1609 232 1574 137 3683 2508 6240 4574 7064 6407 7485 901 4950 9795 3457 7903 3455 4580
18 9897 5478 8232 2722 7108 799 7855 4589 5162 3437 5809 4157 4696 5477 7921 2766 2485 977
17 5377 6544 7962 2750 9753 8818 9312 7618 2574 9385 4274 2855 3808 5641 8245 4168 3050
22 9444 9619 1847 386 3407 3148 2042 920 9505 143 8173 1924 8863 4193 4048 211 1152 9593 5116 9223 7033 3028
19 5321 3149 1814 4282 2075 7609 8662 5968 7732 7526 1444 3331 1031 5608 9823 1389 8410 2047 2751
26 6724 3773 3516 6971 5398 1372 5911 4478 4659 3546 9363 2643 2966 3054 3565 6780 1686 6487 7580 5482 5324 4291 9531 6218 6660 180
32 134 4433 4088 7590 7543 9846 4443 4239 8439 3858 8362 991 7961 1469 9729 4452 6157 8575 5456 9711 4548 8417 8119 8951 3244 5635 3401 5696 4863 8888 108 3659
23 3887 8477 4368 4988 3542 9458 6474 72 5963 5193 7860 5243 6445 4963 6338 2767 3861 9843 2968 437 2024 750 2867
33 2787 6189 6063 8420 3048 7919 877 1743 4670 2946 5723 3886 4376 4701 4121 3915 679 4993 62 9889 970 8223 6695 4525 8061 5270 4470 2093 3418 3852 9027 475 7458
26 4532 9055 6682 9311 8357 729 1640 2606 2362 9013 6244 1683 7870 5102 1237 6496 3100 6508 7317 12 7541 9320 7415 4780 1612 7433
23 3491 984 1461 9401 5953 1240 3897 1195 270 6285 2406 2399 9816 8512 6312 4098 8139 6920 927 8874 1625 8990 8936
29 2984 9021 8755 1380 2395 1650 9 3603 7777 7054 9081 6050 5577 9227 3675 1674 3587 626 8544 1772 4174 5026 2368 4755 2647 2462 8678 5660 6735
28 613 2578 291 9493 7622 9688 1165 4328 7588 3991 4652 8989 4293 896 8918 6264 3062 6020 5216 3449 9057 8193 2003 8331 1290 3053 9403 4442
14 9751 7125 2009 6863 1562 5140 9981 7030 3767 8549 4322 373 617 2176
26 1071 4678 8520 5137 5250 699 1017 4120 1761 7827 1675 8884 2999 4454 3574 5267 5182 3985 8101 7354 9469 556 4134 2860 5318 4824
27 4450 5509 2828 6033 2 4877 8471 9934 7242 6976 2754 4410 4066 5077 227 388 4595 6058 5233 6358 141 5448 7163 5857 2782 9525 6614
21 1594 569 4244 364 6910 9966 8057 787 7014 2886 1698 2121 8763 2211 3260 246 7595 3802 2279 9961 628
18 854 9006 4479 9271 6627 6905 1898 9943 6345 2388 5202 8085 203 6161 4541 904 8857 4744
15 4184 2507 5425 5394 5627 4110 5842 4336 3967 126 3274 7227 5762 8592 9954
28 7318 7368 7569 235 2466 3947 1384 6731 7573 300 9798 7973 6612 7770 7450 1174 1267 5266 2907 4632 910 8517 2707 2459 1766 194 497 2857
31 3311 4150 9310 7306 2028 6617 2682 1749 8361 7551 8091 2046 9161 7218 2161 2246 9394 7897 1419 5001 5811 8130 2333 113 9666 9611 5684 4426 8125 6827 9613
36 288 2326 3845 3262 6148 5219 8265 5078 7669 5302 7767 9198 9327 5126 1317 5185 8552 9318 705 7856 7151 5504 9938 9396 653 1738 2281 7202 3044 1632 142 4233 6395 6511 329 884
16 3265 7189 3135 5106 4384 809 5336 2099 9921 2219 5728 9380 1079 3531 2448 8304
30 5625 7174 2270 4862 3774 753 7701 4581 3792 2305 5778 5110 4271 8904 2568 8817 5115 9789 2000 219 2564 3375 9429 9204 7574 1298 5048 332 9557 7365
22 3962 1236 4180 8393 6210 9687 2451 7452 9256 3475 1084 2030 6100 9629 7143 5962 8652 456 5245 2933 545 1159
25 8885 8278 7000 5209 570 9601 7757 9896 9414 443 7597 7849 504 7759 5814 720 4777 2619 8910 6029 5633 8644 8553 7405 6297
25 129 3779 5559 8231 1112 3817 2684 4140 3756 8546 5195 540 4169 6997 4531 5215 9357 1198 1565 7782 9323 8787 9178 1481 2207
29 8667 7815 5052 899 8984 1106 4523 9358 4655 8302 6067 6220 8801 734 4277 9388 2535 8723 5097 9737 65 1886 3648 4501 8327 9333 7240 9787 7947
25 698 1933 655 4123 5862 3342 2893 7355 1039 8257 2914 796 4831 9553 595 2658 60 8847 2126 6116 9700 3034 3668 6857 813
22 3877 6152 7658 1086 9580 5690 9676 8916 8799 509 7059 2801 7271 8923 489 1704 4611 9420 193 3594 7423 1178
28 723 9518 2390 8387 7863 902 9614 7302 6562 5521 1720 8032 2308 1046 1029 3983 3564 2402 677 8366 966 2468 7709 6144 3528 9389 4835 1344
19 1680 7139 7828 7706 7188 4994 6160 1054 805 8627 4730 8596 6348 2582 5459 4332 4640 6251 9462
25 1725 8024 6543 1759 8777 7806 438 6574 4438 4603 4946 5493 4643 5955 6036 8018 9047 408 3893 4544 2699 7662 7344 494 8468
25 6169 607 349 7117 9556 1456 5161 2070 8392 4545 8679 7115 7259 3047 6200 3547 784 6294 4724 4498 5010 1687 7491 3973 9520
27 8893 6656 1474 6035 491 6371 5395 5734 6730 557 666 6241 6712 4062 1550 7538 5012 740 3922 6973 6421 154 8581 3549 3853 9603 7069
19 9451 3844 3706 7010 4773 2896 851 4648 9464 2982 4397 3147 9093 9031 976 2728 5146 1385 7916
26 5679 7104 9088 3810 9806 3702 1937 9342 6008 5495 9771 3288 6668 9807 565 1265 8985 4641 6937 1951 2729 2554 3249 1841 4761 2680
18 4029 5348 3398 153 4786 9049 3729 9067 1133 319 7689 6811 3240 354 7229 990 5466 4469
26 5997 8564 1824 7128 5485 9866 7793 5168 8673 4760 3218 7843 9074 5928 4775 9785 1874 4124 465 1151 5074 1608 4791 3796 4931 6993
26 3705 9231 7986 6666 7191 650 5135 8587 8280 4302 4894 3231 7185 38 8988 1556 5308 1428 6903 2092 8829 318 5464 9539 2037 4435
9 1374 8088 6274 6262 9254 9041 5274 2010 2573
24 4135 1593 4073 2383 2849 3821 7508 1473 7331 7830 543 5816 4985 9334 9450 1897 4378 4497 7464 9754 5745 2833 5892 4317
28 8625 1940 8373 2561 1642 1532 9800 4166 2884 5884 8374 3396 4542 3247 253 9014 6202 9887 7887 2862 2703 627 8858 5070 6913 8713 5776 3181
27 3256 7093 9891 3662 3025 3102 4281 3941 6611 335 9521 41 2523 6705 7775 1865 8134 157 3613 6451 7619 2029 4805 398 7936 3923 4722
27 3625 6855 1781 1643 8242 2991 2241 3438 1693 7326 9091 5397 5687 3689 5068 2509 2095 9791 7090 97 9285 5945 7184 6211 6481 5688 196
25 631 3949 8187 9188 3282 2960 7949 7266 9491 1635 4165 3537 5585 2905 4079 121 4352 568 1323 4739 752 9906 4020 8551 2709
18 2147 5223 6431 5041 3859 8442 8273 6433 4658 6954 9305 546 1016 7884 8957 3776 5091 3539
33 6526 6680 6309 8290 5138 7435 5108 4851 2250 4155 2104 7542 800 2403 965 8049 7002 2083 3932 8775 3757 5028 90 449 1390 5199 8797 3605 5368 9594 4837 1918 409
13 3215 1123 8913 9044 5119 7715 201 314 3070 8742 3348 636 9121
26 7196 4476 8876 692 3143 8030 3192 5592 5337 433 7533 1809 1631 7395 4605 181 6625 3968 1821 3201 6023 1147 7041 8438 7655 17
31 2692 4017 2291 1423 1986 1278 2276 6352 7754 6302 1763 9782 7851 5721 5708 9472 6110 6095 5450 2786 9749 761 5691 4018 5142 8843 5038 7993 9845 3286 7575
25 8565 9929 8498 3266 553 9433 4721 7448 5053 2069 9701 9208 2471 5865 2117 1786 102 6906 9032 9467 9874 4399 4500 6119 1880
9 5593 6269 4131 9507 3959 8425 1855 8722 6879
32 1188 7291 251 6915 6835 9916 4406 3704 5390 6677 3873 1154 4190 1851 2676 4788 8233 7081 9721 8363 3195 3572 413 642 4458 8043 1378 9260 8974 2277 6600 8162
23 619 7186 8343 9563 2763 8848 2842 7039 911 665 5649 3701 3518 1603 2690 6368 5677 9095 5269 8661 9182 161 4386
24 2122 8390 7578 4891 2951 7288 8915 1118 9126 6578 7824 4959 177 6437 13 6737 6899 5288 2531 3346 2470 2747 9275 9925
25 8749 4427 2129 9153 4412 9034 2179 6250 4403 7396 3614 5479 2036 6528 6734 3107 5014 8106 7479 256 3713 3233 2883 4353 9933
12 1545 1505 820 2502 3432 5286 3784 3724 1199 8455 9290 1061
24 103 5272 3301 283 3097 6078 3099 3553 2545 255 248 8883 4313 4550 538 6134 8730 5230 7311 741 2156 5128 73 5976
19 8786 4704 4090 2768 7516 2059 2304 6609 1531 68 7596 481 6591 6931 1487 1246 2885 9928 6694
26 3630 1225 7553 6921 9759 3610 2899 6463 5507 1427 3434 8185 9618 8638 7086 949 8324 331 8944 1463 6553 3357 4817 6402 4569 3709
19 5452 2439 4536 8180 5461 7673 7900 6004 3205 183 4334 8692 3647 9286 5529 7377 6313 9371 4932
32 4148 4275 6819 4962 9402 1928 106 5531 7821 9405 9315 6219 1982 7988 6675 4770 5249 4677 1667 4667 6632 466 9080 8782 6354 8267 1733 9630 6225 2285 2107 3178
20 7387 2384 2166 7268 5995 7692 6685 8249 1581 4284 757 1205 7812 9203 2341 442 5689 7626 4197 4432
12 1666 2475 1844 3246 4685 1717 563 1007 532 9541 7116 1785
27 2918 6972 4415 3296 22 1969 1483 2958 5221 1361 2150 7036 275 5803 715 1903 6959 3891 6376 1990 3373 8853 9265 2866 8333 4345 864
23 5151 3176 772 2215 5834 926 8201 1070 583 6017 5183 7911 6995 6177 1247 9190 7954 7774 4868 1457 8611 2216 1040
16 2499 7747 8711 4250 2297 3209 7103 2992 3137 8882 8321 8651 7667 1132 985 379
24 5833 8875 3679 3649 4935 8566 839 9645 3479 5385 828 3892 2601 5255 6676 5697 8209 4664 1800 6853 8163 4387 5706 3358
34 205 9147 9649 8469 7587 6542 5669 6861 5678 9155 7221 4370 2377 7829 1576 5900 6950 1175 7505 4909 2079 4283 709 3482 7131 8943 9797 3677 5774 592 8017 882 1379 5127
34 2959 8780 9145 2611 590 21 6370 5454 1466 758 6756 725 5527 4938 5605 3849 1852 3009 2163 5291 6813 6871 5372 9234 125 8003 8791 526 7273 3142 99 5974 1789 1227
26 8868 7089 8701 7878 7305 4826 3984 9819 9050 4077 7150 2836 2659 3895 3831 3264 835 7292 5879 8710 2983 2617 2450 2358 7401 7444
20 5260 4493 369 3718 4064 1756 2627 9349 5786 9026 7883 6465 8789 4167 673 2081 5147 9920 5292 8795
30 9663 8481 5327 9284 2723 2060 3245 1204 1767 2953 2671 2527 7142 1053 6603 4408 8368 776 2004 1291 1336 5967 1318 1613 9331 9884 7866 2087 661 474
19 3828 3018 1538 815 6743 4036 2851 8929 1089 1495 4623 6486 9259 9151 8011 6076 7193 6143 3030
19 4647 5825 3230 5891 2681 1600 6392 6800 5188 3443 4736 7738 7077 573 6962 3716 4510 7130 5343
13 3163 7934 7109 3252 6721 4838 2223 6700 3563 8276 5375 4287 1970
20 7892 5257 8411 3533 9136 257 4798 5280 9023 1299 3221 2072 4053 3094 8643 6216 9339 2053 6384 3735
24 2863 7630 2825 6231 9092 5173 9186 8598 5642 2465 3191 9187 7838 3969 4072 2054 3466 954 606 2488 7664 5831 3303 2550
22 8048 9895 5693 3120 6714 4251 3403 1646 144 9523 6798 4261 8090 2514 9201 4329 6361 6633 1748 2503 3918 6377
31 1691 5885 225 1485 2879 2124 1985 801 5261 2027 3411 3620 4540 7134 5802 7441 7222 2497 8593 9918 5472 30 1006 9481 7941 4766 1987 1734 4081 3439 8900
31 6108 7951 1371 9912 3277 9684 9075 1553 6171 3350 2976 2433 855 7652 5037 9369 6534 3217 1490 7129 9561 4983 5777 7012 1762 4122 7946 8316 1931 9674 1160
33 5604 337 7277 4375 8810 6310 6115 268 2609 2846 1250 1585 5526 7007 848 7409 7565 1497 6098 4925 931 2259 7385 2812 8640 967 4890 4045 9302 2389 3394 9054 389
27 2261 7519 1277 3995 4698 9997 5423 711 7683 6986 1099 2153 5499 3672 7048 4562 2633 403 1871 1909 9274 8215 2221 4813 5186 2240 5573
34 4220 7279 3656 6593 484 5246 4238 1938 4263 6118 1355 8881 5442 4961 5902 8463 5264 7211 7442 769 3975 9855 4937 1560 2292 5818 1297 9552 1596 5761 3602 4637 2831 3791
25 5950 9865 4024 4918 4485 7890 7148 5925 4288 5524 9368 2444 5429 7808 6417 9346 309 6837 4289 1827 3782 2032 7429 1313 9519
27 7205 5756 6408 6551 8289 4094 7020 6485 759 4299 8386 5064 7842 2802 4360 3108 2560 6916 9456 371 3498 1956 5483 4349 8396 1259 1326
19 2382 7122 5148 3799 5122 7714 1837 2542 9790 8218 6088 7943 4782 8111 5471 9216 9633 5981 2186
24 5424 2533 6900 415 9582 3380 3665 1229 8240 678 5779 5901 6579 8475 4723 55 3578 867 727 7382 7461 8222 2744 454
21 171 2769 5868 9437 5457 3884 7981 8415 9955 5871 375 7880 8895 3876 3352 7977 1387 3042 4936 7650 3608
22 6514 8172 7350 7422 999 5893 5602 1591 7141 2749 7823 2716 2085 622 120 1699 8832 5210 9378 3156 2346 9148
12 5072 1422 4625 4654 3258 4784 4108 6321 5174 5980 9740 1836
27 9447 9760 6275 3038 2290 3906 1502 6196 1450 5460 7751 7978 3642 307 755 1520 8146 4203 2307 5191 4076 4588 5541 4286 344 1478 1365
28 2082 1533 8510 8870 2587 4431 8252 3001 6168 9870 8671 9060 4183 3133 3800 7330 5598 7959 6981 1492 9538 197 8972 5519 4803 2504 5357 6252
30 8046 6630 284 1655 4901 9140 5458 1404 8446 1730 7598 6430 3424 9738 7378 6703 2779 4910 649 5449 6399 6483 2595 4350 567 8994 9084 9719 4606 3837
19 7937 5492 9465 290 2034 7710 1703 2001 2500 9931 3182 8837 9071 381 9626 8303 5294 8326 8126
21 4942 1610 1346 3 623 4714 3972 6512 9830 9069 5791 9306 7111 2109 7467 9730 7055 921 1736 8034 3654
21 2112 8654 8028 4100 8959 6204 1927 8768 8928 1197 3960 2260 2773 6237 6533 5401 918 5817 100 4818 1416
30 6181 1129 3996 5175 7082 735 2818 9501 7114 2051 6922 3237 9937 1832 5517 4477 1946 2359 8033 4530 2526 5487 6176 8371 7067 1739 3271 767 6773 3903
21 8167 2440 498 8608 3318 6788 9801 5797 9230 6403 7483 7022 9940 405 5129 6670 3114 2928 8472 9873 7948
34 9097 8803 2086 2673 4265 3243 1338 4695 3738 9179 5035 210 4456 9423 603 2817 9911 1491 8879 1542 6872 7494 7975 501 3600 8744 3939 786 3228 7424 4709 6854 905 5597
24 8736 8572 7847 4455 199 1919 6394 9576 3172 6984 844 4638 8677 4933 9008 7804 4691 2050 6092 303 9596 5594 5446 5359
30 6689 5934 8451 7352 6075 4757 4268 2139 3476 8827 4421 7837 5935 8725 8569 9854 9679 1996 9833 8871 5909 3146 7495 2247 1350 7333 7995 4032 7546 8734
31 6935 7854 7616 336 6048 1658 3933 7449 7677 4668 8976 9406 6138 5300 1882 7646 4133 1134 5846 5586 1425 2746 5065 7548 4096 9224 739 1276 423 218 6665
28 6102 8554 3170 2597 122 4570 7881 7753 6942 7910 885 2989 9527 8118 5238 9052 1621 4928 2226 8400 1014 6136 9734 3037 3101 3273 4392 7632
26 380 7736 1153 8170 6103 7873 8422 9392 8060 9698 3938 7289 6929 8194 1684 5006 6398 3461 5964 8997 829 7634 8779 5946 6124 8325
27 1586 2056 1104 2006 6566 3545 8938 3179 1806 4243 6405 6459 6323 4726 4609 6435 5853 8585 9335 5402 4587 907 1201 9321 7818 3130 7013
27 2379 7657 6564 7147 3558 858 3290 9474 1551 2490 2106 485 8859 7169 612 4413 2906 4266 7810 7443 5824 6645 8539 4997 9767 9532 8135
15 7253 6795 2697 3081 9664 1383 24 5387 6518 894 6870 1791 4912 2581 6397
21 3749 4823 790 2071 3582 4448 5886 6349 9319 2136 6791 2478 6374 1870 7510 4035 1359 7282 8820 4563 6951
31 1816 4230 2834 7315 6674 2853 5314 3595 2570 7386 600 9009 5704 3930 7465 8068 6504 6576 5738 3433 8369 4158 2610 3329 9332 647 8435 630 321 6539 7309
24 3061 434 7416 5198 8737 6605 8547 2629 8812 9824 6306 8686 9173 1678 9225 955 5004 8137 8282 3376 6289 8865 737 722
19 2512 4867 7436 4830 8459 2636 451 6690 123 8912 6783 8432 5422 1285 9677 1499 1784 4471 9232
26 2662 3119 6868 7813 7720 6011 2076 8473 9533 9399 6366 8839 3581 9584 8097 3060 6439 4576 1360 5031 110 4590 98 2149 3768 4717
23 2272 8821 4915 5784 5699 6601 3008 6043 697 7210 3919 3112 823 3275 6021 6598 6396 6149 9959 3708 8687 935 9836
19 5619 3955 5178 3881 1471 4513 3341 932 4809 5698 8268 1584 3682 8917 1075 2920 2931 8649 5975
31 2242 5084 282 5124 4592 3618 2985 9059 16 6159 9712 3116 2912 9292 8772 2865 8269 8769 4591 9969 8513 2409 4972 1269 8674 1957 2196 2127 44 1875 8986
29 7970 6230 1300 3219 3349 8128 4857 8504 587 1548 7895 6719 1857 5157 4610 1507 8993 2874 1503 6114 6418 8454 9605 7763 6308 9673 1549 6683 9360
24 9944 4965 1983 1214 45 9236 9007 9098 2553 2683 507 9907 5532 9428 5277 1068 7566 5789 4257 1412 2015 973 1710 2212
33 8244 5120 8693 8169 6139 5331 3057 5279 2800 6234 1515 4689 2915 1571 2263 7748 7593 9678 8141 8624 9632 6945 5748 7217 2712 4567 6042 3865 9573 4374 8688 7023 4367
21 2344 6762 8562 7918 8337 4425 2008 9040 2271 9794 5231 2945 9277 6810 5913 2430 7319 2296 2608 6041 1599
16 8124 3323 6301 7177 6766 7938 6061 2287 9530 8319 8771 7075 522 957 6832 3113
28 3090 1544 3711 40 9354 2300 6638 8093 7760 4675 6978 8445 5333 1076 6260 8499 245 3693 3851 5392 1254 1448 4916 1127 9000 3095 998 4365
18 5505 1024 26 6295 1524 6090 159 9725 2634 3766 109 986 5413 6784 9842 8657 3367 9252
29 8402 1088 1288 8480 9132 1552 3719 4041 4229 6125 6046 3862 8225 7339 2563 9696 4461 1972 105 7320 9263 3013 7761 1183 3440 1148 4226 9445 5733
20 2198 3111 209 4494 6014 2922 3285 7888 9123 1166 9902 1126 7038 391 5388 5613 1498 6475 7270 1706
33 3117 726 511 7586 6716 2080 7636 3253 962 4050 342 4811 806 116 3813 1055 689 8560 6344 5497 1341 3356 975 934 6258 8543 7682 1476 9326 8096 3825 5011 6831
17 3173 8342 5528 5152 5224 9141 4047 2108 2366 185 9990 4535 4841 3785 9723 7337 4483
21 5481 1845 6517 1186 6975 9964 1395 84 2549 9196 8533 6454 9409 4118 8241 95 5986 724 4969 8294 6582
24 1572 4475 4116 7073 9892 9079 6634 4196 3204 7231 5131 9110 4315 8228 7456 3943 1224 2586 5090 2708 7383 576 414 368
20 7293 7924 594 8715 9210 6715 9805 9133 1980 3314 5311 4325 2353 3745 3497 2955 9418 487 8196 4812
27 1286 3637 3109 3492 9774 7040 6963 7275 8007 3885 3612 7145 6608 7886 5663 3990 8179 9412 1043 5522 1641 8001 9736 9485 8372 7418 1192
39 1119 5133 9899 6501 5029 747 8004 9877 8521 295 7294 130 3127 6203 4005 5629 4919 6440 1523 6351 328 909 1760 4617 4684 4746 4225 5025 2138 833 6337 151 2160 37 6932 2748 1860 6386 8199
22 8745 6086 5536 7972 1411 8542 6317 3255 7568 6758 1570 8650 4816 1077 5440 8006 9621 8355 5166 4209 4907 2264
32 8762 4815 8822 9595 1616 6468 803 969 470 9441 8877 9446 9851 406 9888 8205 4631 3680 8700 4906 2338 3658 9087 8419 7765 8236 9375 624 5109 5229 9293 3755
14 6145 7403 5480 4948 2266 426 9498 5208 7053 2357 3312 1788 6941 8031
28 4735 4245 1047 4984 7016 4195 7579 4923 9656 3910 7018 4473 8595 1639 2236 5049 6414 8258 5023 5007 3764 3814 2394 496 779 2715 6653 1022
32 6012 5971 9273 8933 1296 4756 4025 2280 4507 4037 3278 5309 980 9835 974 5719 5839 8401 7915 5931 3763 9255 3370 2655 4743 8367 1035 5316 6817 4801 2097 9718
23 1486 1787 1509 9770 6444 9316 7349 7049 9534 8668 5192 6979 3744 6919 2476 7024 9850 7583 4793 2583 1654 2850 6128
35 8767 9685 6387 2702 6073 8646 3856 2599 8329 6494 3883 6052 6432 361 5924 5415 3569 176 9020 8461 8408 8630 1669 8690 4578 4482 7982 7079 5579 9890 6215 3074 2809 8203 271
31 6480 7098 8155 853 1902 3397 9421 3136 6327 2427 8844 8765 1373 4486 5574 7845 9029 3199 3945 1942 7124 8270 6254 2369 1405 9322 5888 5201 582 7019 8418
21 2119 2651 3760 7194 4389 4521 431 2398 1212 7290 8867 7166 1648 3987 5568 6303 6290 4849 2339 9065 1190
24 946 5100 7178 9660 3606 9460 4674 6679 3661 385 4754 5082 3583 8947 4321 4586 4584 5546 4875 1189 550 7127 5139 9682
19 7322 8332 6460 4859 2142 1578 7506 814 830 5671 8528 2596 1568 9671 3870 8634 9431 3803 9547
12 654 1381 4989 3670 9545 4864 4102 3369 4749 8305 8965 9377
30 2806 6782 3381 4444 7172 3522 8398 70 4091 1567 5545 6769 4804 1801 6165 7515 2534 1095 6045 2803 6438 9536 5196 6388 2174 7660 7871 9809 4651 4778
24 2978 8815 7512 5159 1475 2908 9246 8583 5951 9655 7648 4164 4888 1953 5672 5491 5421 7613 5867 8370 1513 1883 2349 3926
24 4884 5618 672 4802 6499 847 1393 8376 7281 9834 3989 9166 3896 6866 6135 4593 9019 4707 7885 5163 9157 2730 9015 2026
22 447 7641 1512 3456 3232 3789 2694 7367 7705 7078 6823 1627 7592 5340 2253 233 8485 9620 5289 1921 9739 633
22 2741 1623 8143 3875 3667 7112 9924 115 1719 9948 6691 4404 8064 2101 8955 85 8966 7822 9758 6001 6631 9927
40 4163 4465 9127 5263 1564 6179 5506 7439 5937 937 1210 6781 9480 3467 9297 2386 7454 4522 250 7928 7728 8416 7035 9142 8854 5823 4039 2795 296 9922 1943 2639 9167 9581 4795 9329 206 3720 9733 8849
28 5895 3687 7466 3722 4309 634 2613 8427 5530 4954 3033 6738 7556 8313 4602 8414 3410 9128 5278 6268 1694 5410 9038 418 4741 2165 6094 9868
19 9788 2436 6039 6521 9578 9643 5453 1081 789 6333 2194 1673 8255 3140 4188 5880 8728 1030 7809
22 4460 3338 3957 2484 4194 1833 2871 701 5051 8501 9852 323 1679 9086 7026 3911 2948 2616 5111 4639 840 2736
29 448 8705 302 362 1746 6751 1672 4162 5338 6028 4713 2688 4618 1751 8447 5511 7469 6535 5543 4725 6449 7549 664 1012 7220 883 2777 609 6904
31 2522 8478 6170 8349 4865 7628 5176 8314 2432 4869 6079 7772 189 4 4488 7434 4927 1304 2997 5248 8296 2990 7473 4633 1826 2811 9697 7363 2365 4423 8935
29 7798 4844 5800 3393 3180 3832 6484 1566 7726 6077 6084 500 9124 5932 886 6186 749 43 2303 5105 8365 2391 7388 1315 7528 3598 4582 8055 8264
35 3330 178 4560 6209 3075 8219 5948 4178 6025 5287 2585 357 1221 6247 421 6858 3239 6441 2930 7679 5866 3416 3526 8271 9257 4398 1202 5796 5283 7406 3069 167 9746 6966 2088
26 3548 8339 6505 1303 982 9352 9652 1895 3554 8489 7776 5330 2665 5374 8599 6047 6350 996 4106 8010 6925 4058 7825 2348 9413 3325
28 3982 8891 1590 3428 1066 2594 3305 3866 9397 9946 3089 4847 2759 9971 7152 1677 2630 5143 7286 2924 7889 7413 2489 5369 2580 5430 6456 1067
36 9689 1992 4232 4850 3261 7780 427 2820 4424 5680 2420 9728 1124 2190 8987 6410 611 6876 404 9796 5566 8424 5419 3188 1120 5055 3509 4130 9799 1065 2393 4975 3063 780 763 3904
23 9967 5614 6622 7527 3778 3772 8151 7717 7230 315 5381 5468 8682 4248 1750 1239 1376 7933 3092 6961 1262 2532 9070
29 3206 687 1622 4034 3371 4224 8633 3543 5262 4446 6628 9974 9879 5205 3597 5063 7891 4740 2294 69 8842 5114 1993 7119 9103 743 3481 4016 7295
23 3940 2244 3115 6615 6104 7848 6065 7100 1617 9393 2352 4630 4702 2268 7697 1136 6939 1634 9355 2356 1831 4644 8578
19 5674 5815 4539 2293 9251 5132 6490 7342 8573 892 71 1051 3210 8712 4825 5622 5017 1819 7343
34 19 1949 3631 516 6259 7920 483 7370 1261 8743 7410 5623 3818 8308 7084 5104 58 4346 35 6205 3236 2888 4596 9053 566 6280 2404 6821 9631 2666 3343 3263 2351 819
21 1554 4733 5455 2947 9761 5621 7135 9300 2189 1702 3105 2014 6778 7990 4715 1391 1479 8684 2217 8697 240
22 1908 8019 392 9002 2689 9743 9193 9869 6500 2202 254 1527 7640 1722 5404 5914 2301 3502 2572 1872 880 2718
26 8353 286 7296 5075 3790 7497 6292 2151 4342 2753 9461 662 1193 7106 2980 8217 8279 818 5304 6367 378 836 5484 1105 8274 3986
34 1155 1093 9820 4711 9968 2902 6404 7797 8698 6412 6907 7197 4999 4161 2559 6604 2714 3276 8383 817 9592 8183 9551 8909 7427 6141 6326 849 7257 3304 3902 5355 168 4554
25 4340 3685 6895 9112 9228 4774 6580 4601 6195 6956 7425 9776 2752 2921 2719 5335 7094 6060 4294 3425 3324 2442 5751 6380 773
17 7501 1907 1114 8807 6744 5334 8526 3934 5957 7555 9078 6373 2727 1241 1364 8559 9258
37 7181 8825 6594 3847 4914 2416 6347 5393 6245 2624 5510 4861 9667 4776 2938 6091 3002 6909 3632 3607 3066 971 4893 6757 2035 1854 9564 3538 1514 2234 1963 5775 4662 6126 7213 1802 9861
32 938 9404 4441 1742 1724 5301 8259 2969 170 3269 4566 4885 4259 3421 8053 2638 7840 7060 1063 4237 3505 3869 9559 7745 6752 7629 4852 6732 8405 4489 7764 5985
26 3139 7713 8576 5578 5899 7248 6357 6185 5989 8041 377 9875 9195 6770 8015 7654 8502 5005 5600 1311 8708 5212 2249 1905 9994 8227
35 3091 5793 3657 7297 7979 5060 5906 2738 6194 2273 721 4533 2733 3874 5822 308 3640 4327 6801 1467 1280 7274 837 9118 2201 9116 1472 8144 2792 6304 9018 2816 3898 2360 486
34 4575 1977 8431 518 3332 3480 3901 3124 9939 215 9149 2770 3634 6701 1090 7718 1647 4671 3669 8757 1862 4750 9036 1302 8403 4979 8689 8293 4719 4407 6093 4978 652 9642
21 1057 8998 4491 8110 5320 1636 6324 5226 5098 2695 7374 3235 4843 4139 2419 8524 6651 6964 184 5872 1961
28 1989 7926 5894 5747 7057 8460 6389 6206 2481 9443 6356 3442 9090 7183 4943 2826 4514 150 4354 3106 9347 9061 8436 8823 1407 7801 7316 3748
20 9586 6062 9972 1157 9386 23 365 9976 1213 6588 4506 956 4377 6583 5002 4992 731 4839 1915 4361
37 3487 1238 8023 4117 4526 57 9111 2322 3365 2819 8094 2674 1179 7932 1309 6423 7539 3374 1082 4156 9604 4676 2317 2894 8 1366 3841 6545 950 9951 2889 2464 8181 7839 7737 4705 7599
20 6792 6085 629 6663 6300 278 5354 91 1256 4883 6989 6492 5870 8220 1859 8977 7769 5983 1795 604
30 7787 5282 657 9495 2557 1172 2761 1073 6013 1607 7168 490 2626 5849 1913 6768 3512 5019 4597 6307 3415 913 2784 7681 9881 3238 8113 2114 4093 1339
23 8016 8153 1555 5382 4718 5999 6559 1268 5718 2562 3010 760 3386 3678 3254 4905 5645 7287 4371 9575 7411 7835 6080
33 9455 5827 4982 7727 450 4848 9172 289 9585 148 7165 2375 6032 2952 7484 6865 941 3470 6814 9766 9768 7865 863 5808 3175 4285 9670 3963 7690 6892 9247 3641 3624
21 7105 9072 8114 2868 7062 317 8591 3399 9240 5076 2498 5991 7391 4797 2262 6256 8052 6249 2321 9424 8975
21 7345 8102 3924 9270 7096 4085 8720 2137 9950 7304 1712 1828 6965 6117 310 5167 2414 9219 9279 3544 978
35 6729 1660 333 2917 6747 2551 8335 6755 7034 1436 4126 917 94 3617 2090 2793 7199 9448 7694 3673 3931 9703 3151 3529 8377 6785 6602 4821 7666 8816 3289 3164 6097 9463 2061
37 1823 2302 2067 3770 2220 5040 6536 9555 9308 8761 1782 5362 3039 3189 6918 5056 4182 827 2417 4519 544 1488 2785 3783 8970 3579 3184 3158 3068 7126 2422 387 4902 8580 9650 4280 5807
21 2289 2987 2835 3517 4846 4075 6335 923 1325 5564 1967 7338 4467 1477 3664 6985 1888 1368 1671 3131 2936
35 6495 5615 4160 6957 521 230 1244 7739 5204 5703 8920 6842 9516 3295 3727 6550 1947 5435 7545 9206 9383 2841 8105 5837 1966 4143 147 5259 8287 7459 1282 7680 1432 5405 4720
29 7394 4337 8960 4366 6479 812 2019 8555 3879 2808 8567 6655 908 2840 2057 4396 7876 7200 6379 1783 2644 3739 9860 5836 3780 8939 9314 5628 9699
30 8525 5695 3248 616 8079 3395 4262 5236 281 4453 6341 4256 9499 8013 156 9985 8444 1900 4614 2778 5310 5863 4892 9281 1941 9278 7503 8589 372 7346
15 8156 9784 5293 3023 7362 1896 1744 6607 7779 1484 8277 1271 4577 5252 3257
19 5626 5648 9073 9438 5936 8306 301 648 2200 1920 6592 6191 4559 5034 4344 5203 3171 6106 9160
24 4306 1245 915 9434 5788 430 6649 7816 9945 8541 7051 5768 8605 686 4619 473 5588 1511 8982 5273 9783 3619 6968 4496
25 5664 3829 7328 8056 3159 7606 4031 7249 4558 6122 2520 6068 9165 499 3317 9068 5632 4418 2501 9904 3019 3954 578 2205 4687
32 9979 6173 581 8836 4790 2901 4004 138 8669 7805 2203 9452 4060 1096 2521 1139 5927 5312 165 6415 7649 5214 9248 9815 9181 366 3777 6054 2657 7520 8666 2660
33 4572 2148 5769 5486 9628 9376 5724 9686 6829 1661 645 9647 9659 7752 1348 9105 6584 1220 6027 9716 534 6844 1899 6843 9051 3953 5436 4922 1117 9542 4010 9063 6709
24 1433 2407 3364 4495 6018 1447 2282 7529 7743 4663 4552 15 294 688 5275 7245 8921 6223 7611 4716 7725 347 5650 3071
21 3310 7844 1769 241 3345 4732 9705 2048 9233 4272 3499 3216 3267 327 6411 7066 5059 4990 4551 7451 5920
30 6491 3635 6409 8198 8838 1312 3532 334 4152 5443 9453 5736 2496 3912 7389 1431 1929 4191 5361 4341 4215 8729 3846 5290 8616 8766 527 1092 6112 8776
28 1934 2678 7615 2631 4772 6239 5271 8165 1460 5366 4889 5363 3051 6316 6498 320 1142 1009 1901 898 482 4236 9482 5228 893 4451 2257 3138
19 4872 7635 2340 3626 7252 8161 3208 440 3514 1454 2218 9395 149 2413 9908 6867 4390 2758 2184
18 8458 8047 9185 6137 3707 5322 6789 4015 8511 766 6825 5887 3055 2614 3309 9675 6897 229
14 8784 4339 9571 7942 7164 7195 9773 7481 1891 3082 1324 7015 4136 6753
23 9144 5352 4934 8790 5658 6794 8253 2049 5030 1455 5918 3993 8704 6568 2449 8629 9309 6898 2569 8833 6720 5503 3723
27 2646 3430 8969 2283 6038 1464 7852 2230 1624 3946 8323 6002 8699 50 5018 345 5921 7399 1614 841 4129 7695 1976 7684 9005 7521 580
32 7228 4128 202 7244 6282 3229 8409 6846 6805 1771 4871 536 1630 6401 9030 2482 7225 5181 9083 5636 3372 7492 8428 4828 9010 7564 1329 4113 1217 4759 9548 6184
32 6 6875 7087 2677 7663 9283 707 1010 5826 9646 1569 1853 3513 436 4300 480 6948 2135 8934 1052 3616 2798 316 7547 845 7612 5682 6009 9043 1060 9107 6659
24 4127 2192 6799 916 2929 4672 4734 1437 3827 114 9490 8142 591 6924 4613 6497 9294 6242 5639 9512 8063 4669 3797 1442
20 7487 9600 4043 2064 8066 9364 6166 2115 7925 6546 6686 2954 5042 6081 1185 9169 638 428 5467 7421
36 1041 6049 9239 3908 1876 3391 4318 4101 4067 3588 7420 4636 8940 9949 4044 7955 3004 6953 4228 3268 4338 6779 7159 1429 1170 1103 228 7693 52 5916 9778 1351 6802 533 7042 1522
25 3337 416 1489 3863 8210 1890 9970 5772 6828 6359 2593 7179 9502 2854 7638 9244 8117 3965 3633 4276 2575 1394 1059 6265 7025
31 1270 3809 1540 2943 1352 3259 8590 5307 3599 3948 6901 4234 2040 6917 5534 7746 3436 8952 56 7470 9484 2438 8864 5222 7381 9715 4014 3754 1757 9338 4052
25 4944 7960 3759 6253 3524 4968 4119 4012 6400 441 1034 244 4038 1752 5722 4434 7744 6678 3556 3058 2373 1140 1952 7872 2656
30 8785 8828 390 6034 6339 4405 8214 2839 9419 9832 5254 2548 5525 9390 3871 6182 7489 3385 160 1128 3604 3762 746 4515 3000 7788 2460 1604 6952 6066
31 1367 8490 4881 5218 1496 8851 5378 4827 5144 8292 1415 3593 506 3741 9226 4517 3429 402 4957 8597 9987 5874 7180 7371 5966 8391 7624 6476 3506 9821 5616
31 4249 9639 8298 7766 9476 9045 4308 680 6466 107 1402 505 7358 5095 4908 2720 5297 682 4279 3493 866 5462 8213 5773 6946 2022 588 493 9963 4620 8813
21 6470 3942 9267 3615 3684 117 7400 4095 6540 3638 25 6626 9215 9131 1356 4071 2830 231 6940 9177 2805
37 1459 2986 7796 9822 6707 7463 4987 1595 6849 1964 5675 9422 958 8109 3830 5750 1357 6331 1401 635 8707 1984 7004 4873 2017 4185 8897 2672 7173 1516 9565 5569 4436 8443 9856 5365 9732
30 5044 1536 1765 5367 7493 7283 6000 4204 9175 3016 4111 3882 5150 7504 3087 263 5088 5389 5659 5000 4769 7324 1021 5268 9408 5961 9741 7498 2408 6298
30 5694 313 9221 2632 8778 4628 3464 6774 5720 395 5915 6596 8295 8309 3413 2228 6759 6944 7731 2251 2923 3103 792 2455 2935 5364 7877 7989 5877 2385
17 7653 7929 3307 4656 9154 6623 3535 3557 2827 2309 3335 7509 61 8670 7733 5296 3292
25 3980 6662 5646 9109 9722 5717 1688 1438 376 2232 8318 2625 9001 6229 6586 4219 252 6736 1849 8594 4084 1575 2552 6381 1936
13 7431 2284 6527 5475 6760 2994 8407 2934 7357 279 2331 7913 1922
21 7438 1333 269 1358 2822 2628 5889 7076 1602 3121 1434 3503 3422 4171 9016 5550 5118 2445 2376 5634 9713
18 8272 1163 2926 4372 6840 8563 7719 7070 7668 3014 1521 857 2963 9837 1775 6406 4142 1233
20 2517 5941 1914 3186 2423 914 3402 9710 2939 6541 8488 5239 9995 5276 1850 9802 1194 9478 3686 1169
25 7741 9089 5562 8397 8675 5654 7637 5552 3697 564 6702 1930 3525 764 4009 3928 3462 1310 3339 8497 4241 3586 3567 1042 4666
27 2721 8364 18 7247 311 1281 7935 6722 1468 6803 6493 1856 6311 6809 6890 5670 8613 469 2964 8195 7802 4814 5217 6643 6284 9272 6214
32 9814 1737 575 66 3501 7392 4382 8861 5045 7246 1441 3688 7607 2197 6180 775 5406 6022 7043 462 939 8999 2975 2089 1911 5760 4913 7953 5801 8741 4363 7359
15 7285 8095 7468 3752 8527 5657 2299 5897 8664 9717 3344 5876 2726 8379 3362
31 1975 2155 8914 8505 6790 6572 1723 4598 9668 261 1420 3203 2105 8556 4712 7006 2225 4800 6424 7118 9137 6266 7859 8979 1535 5345 9146 2278 8872 7204 7241
31 9648 173 2405 5515 6765 599 832 5640 8075 2864 7868 8819 3571 8901 520 676 1019 552 1534 9296 1892 1598 6336 785 3956 1258 124 1284 6570 9235 643
36 964 4395 6236 1008 6841 1388 6934 3308 9988 353 8740 5743 2837 992 3860 7700 343 4703 1251 4806 1697 1078 5970 7850 4273 4781 2740 3573 5555 1294 8942 222 5992 822 871 5498
29 8655 8077 8622 432 1945 9769 1308 9130 7 5117 4765 7584 1805 2880 6812 9665 8470 7623 7234 2732 5647 6283 9996 5370 6235 5326 959 5502 8726
27 825 586 190 4842 1168 7957 3944 8717 2227 6087 693 92 1392 1638 7517 8166 4991 5253 1676 155 9606 8894 5265 324 1506 3710 4829
25 3359 2038 1659 3494 2910 9651 2663 3843 9214 5583 9183 6140 1879 1530 7216 2949 1146 2710 9510 5922 1804 944 4768 7523 3104
34 6902 6248 8924 8830 2345 2890 8072 3333 6706 4319 5595 9288 2078 6146 1453 1681 2815 8530 1864 5765 1337 8089 3712 8899 963 3390 897 6425 2162 8081 6151 7500 2852 6006
27 7711 5179 2258 8695 9492 4564 4061 1028 1803 1863 9590 5873 3671 9106 6771 3085 2306 59 4078 6322 9973 3815 3566 1048 5607 9411 1087
23 54 4175 5094 5412 7999 6503 8346 651 6178 5637 8793 7676 135 1342 4508 988 1228 2927 6150 4231 9817 9171 3523
26 9880 1108 1413 9980 8320 2650 382 1027 2286 1820 3486 2313 856 2323 213 8310 8449 7005 4834 139 4787 4221 5631 4947 5123 3655
29 8251 6955 2970 6101 8660 6447 4960 744 1462 1138 4217 4086 8754 834 8384 9680 4115 9261 2704 6299 3363 7965 798 9654 274 6069 3964 5431 6894
27 9220 2556 6949 2025 8394 2125 3838 987 8360 6332 6619 2996 4665 2661 9756 6885 9622 519 4409 2143 5713 2371 4895 943 3888 3426 5298
25 3801 3750 6296 3389 4202 1150 5667 7167 9025 6642 9653 2334 2691 6107 8158 5795 1881 9379 5232 7685 7707 865 2541 2711 3771
19 6621 548 1711 2620 6644 3065 9425 7156 5783 9317 6105 1690 5323 9693 791 14 5737 9840 174
28 6467 2128 2524 3584 3576 3857 8358 7502 5943 2618 5073 8746 8352 7284 2206 352 5998 9012 8226 4103 690 8138 9494 3666 1049 7834 6557 7233
31 5490 7153 5347 4484 4616 3197 6567 8243 5069 338 8423 1995 4253 8548 9570 6807 4538 6162 3162 2073 7511 5686 2397 9218 7136 7896 9567 212 6523 4240 2463
24 164 9872 7784 579 3287 1091 6342 4028 6560 5979 9082 6509 5285 6947 7083 7321 2511 2995 2243 1001 9975 3621 771 6121
21 1216 8284 9237 7207 3663 6669 237 5785 1094 8600 3867 2456 3024 7600 1960 9066 1695 2796 1334 7939 8000
29 4810 1177 8945 5766 6019 2875 9610 6057 639 49 7991 1923 6375 6193 5996 2640 8136 8082 5512 2725 7351 1709 1439 8506 3650 2898 1988 7224 2615
20 4054 2584 2856 3644 7987 6516 6155 6315 2044 7862 6378 9910 5973 3978 7783 515 3510 6804 8300 4604
24 6131 872 9205 3463 5160 1331 7404 8696 4092 8632 8145 713 1062 2431 7514 9978 5054 1618 9268 671 4977 7457 1369 2370
30 6365 8846 7702 6767 7276 7544 8862 7412 7063 6727 1829 198 4201 9905 1577 5494 924 8065 4635 1910 9192 2229 508 221 4870 89 7235 658 1426 4700
18 7563 3444 8561 3835 4855 4019 6938 5165 5757 8610 4796 2516 4323 1846 7968 1797 3822 8147
29 3213 9398 8902 3676 9867 7790 3029 1768 6648 4383 6555 6030 9635 7313 889 3974 8621 6624 6420 6711 2392 7198 479 8247 4480 8014 4223 6681 5533
23 7133 101 1519 1973 5858 4258 4878 3035 7603 4964 8538 7478 7930 9903 3298 2891 7208 8022 3458 3174 6024 5890 9024
21 7536 8653 1283 5319 8609 6031 7945 1470 1149 2843 3128 1038 2159 8263 5735 2845 4057 2872 2248 5840 3193
33 8683 9708 6197 1885 997 535 1242 1755 9370 2185 1573 3420 9035 2441 8619 1482 9085 455 3129 5947 1808 9709 340 6884 6552 8956 5907 242 8515 7792 1858 2774 6276
18 8718 5661 6513 7482 162 3291 7576 6977 8216 3474 5050 6928 6074 8453 4333 6158 983 6226
23 2018 3488 4474 4840 1606 8291 3611 7958 7963 2913 6696 7312 4970 8157 4520 859 5414 5380 6346 9965 4537 6129 1559
24 9158 9827 2387 3451 8297 2882 5869 3970 9217 9935 4680 2742 3446 3485 4042 9101 4462 7906 3241 1446 1583 8571 2411 3227
21 9780 2589 9826 7303 9617 1452 995 7008 2252 8967 1999 9056 6585 5407 6163 6636 7874 870 1758 4820 7264
19 9657 4255 5234 7348 1500 5189 3734 3681 8508 5553 7620 3077 9808 6610 4903 6305 8237 5549 5344
24 7267 7402 525 5474 7384 2157 7530 6515 1670 8507 3194 8887 7594 4359 2041 9847 8676 510 8388 2612 7068 2653 4146 8516
19 1215 524 312 1835 7996 861 7209 8476 4026 1375 8378 838 7255 1537 2887 7250 8058 6429 4921
25 2316 6725 9324 1979 2701 8739 2765 5942 4808 9936 472 3966 7659 8804 2178 6816 1935 2180 8328 2020 5587 8466 3636 8184 7534
29 3721 6620 9426 8307 8963 4208 4661 4926 8873 2821 1182 2621 8351 9336 659 5213 1167 7203 9942 3377 2937 625 5692 1171 7453 9522 5843 3900 2876
15 6055 7206 2977 5015 6278 816 8706 2256 8322 6056 8964 716 1131 6967 2005
18 6281 6287 942 1588 3726 5427 7121 476 852 7567 8078 3804 9442 6413 2495 6172 794 5829
24 4673 5513 6763 4007 6233 1494 3651 5701 2602 6761 5313 8221 3495 4547 8617 3992 8568 9295 6786 8283 2183 2011 620 7071
22 6353 1327 640 2869 277 5244 3703 6697 152 2547 571 2685 9475 3731 2942 1731 7471 9138 1023 2209 7137 1529
10 7460 3889 1458 4887 9848 7080 9757 1424 7432 1421
20 539 610 9488 5556 1255 3927 488 8658 632 5508 8808 5473 7261 875 8850 608 6878 8491 1135 4492
24 355 895 5820 5021 5194 1778 7721 4247 1418 6010 9858 2895 774 5013 9517 6726 1370 8931 9229 4414 3125 1939 2814 3388
30 3795 9750 9893 6477 9608 4974 3150 549 9242 2518 7771 8709 172 6969 1349 9276 6896 4876 3787 4995 993 2775 4512 4292 2170 4779 6082 1083 3691 1645
16 7146 3005 6982 5655 1843 4212 7243 6208 5821 1728 8009 2838 8681 8262 7325 5954
20 8395 694 6908 9373 7446 7417 9627 4420 8751 6443 3521 3690 9923 7009 8336 1116 5281 3507 644 2132
19 5908 6360 6616 4059 9747 5959 2350 7758 873 4792 4897 444 574 1307 6911 7379 1894 4929 7046
16 3515 5155 3043 6037 783 6597 3473 6320 5727 1510 3160 1026 4621 3202 9199 7992
29 3694 748 9616 7132 4145 7472 5565 8044 3126 8039 1592 7237 1978 111 8025 9325 2944 6016 83 1025 6519 5003 684 7095 394 2096 3315 2974 2654
30 204 1085 1652 8154 1528 4400 6926 9496 4055 9623 5542 1451 5830 5956 8579 3045 267 4437 3351 7480 8350 7001 4347 3145 6113 1925 9076 869 9466 4900
22 396 2110 8120 2592 6647 42 1718 7591 6772 7475 9844 1417 6629 3435 7072 890 8260 4941 8035 3177 6064 7097
27 4074 5247 6506 8299 3917 9681 2668 1003 9569 429 280 8949 5630 5523 1557 8224 435 5926 6710 732 3459 4645 6635 2094 4176 7899 7601
29 9919 9909 5958 9762 5121 36 5787 9374 7047 5518 8356 674 1541 3412 93 9765 9264 3340 4783 2428 64 9526 5080 5548 4159 5665 1354 6286 9449
33 446 4697 2700 7971 4745 6776 3781 3414 1877 802 1074 7708 3794 5299 2381 118 7099 8483 2813 5905 2973 1810 7927 445 555 2325 7065 4626 5624 8794 6549 912 1629
13 7833 7092 2454 5371 7376 788 9194 5489 5558 9266 1069 2429 1000
20 8087 6980 5812 3453 5749 2757 1917 9287 6684 8174 9243 1955 2437 5500 2667 8281 1665 5571 4600 4439
20 4624 158 4728 9550 1206 305 4000 4767 9644 119 6613 8465 1753 8535 7419 5617 3283 6851 9692 8086
17 4189 8330 2480 5149 1158 3585 467 401 4607 1708 9727 3743 9129 1822 5441 2173 4573
34 9742 6687 6120 5062 6777 7341 9104 7602 4951 7192 9119 28 1295 8733 6502 8133 341 9998 5039 9477 8983 7215 1398 4173 4270 5227 5847 2664 778 8159 1377 2152 5790 5190
30 2193 2330 1033 2919 226 8354 8389 1406 9862 1232 2182 1508 4899 7807 6007 1968 8557 542 179 7256 8750 3520 1889 5027 5643 1866 3336 243 8911 6452
20 9540 9372 9222 1620 2118 8182 8570 265 7027 6713 2239 5172 5554 1257 5164 2012 3165 2434 3321 8753
28 5758 8230 3211 3327 2962 5944 9135 4063 1211 5086 561 417 6746 8781 7254 7554 7428 5730 4751 6848 2068 5428 3580 1525 3200 3570 4218 1274
33 5794 1162 1400 5804 8637 9384 2045 7723 6201 1273 9991 656 4553 2231 6750 8574 7724 6369 2577 4428 2861 4222 2859 4187 7278 5496 9253 3807 8620 7336 6573 7898 4622
32 8150 8978 4324 4686 2074 478 8103 8735 7393 3234 9524 6693 5673 8980 6754 8639 4565 9577 3890 2424 9724 2519 34 3935 6859 6764 460 9416 2401 8647 4966 4528
23 8248 9350 4011 9579 5403 3477 9115 5251 1716 2941 2477 3379 3083 9849 4186 9558 4688 8523 8462 8648 6243 1363 6529
21 461 4154 5083 9811 6688 9992 145 370 8042 224 2311 1435 5700 8494 4269 4417 4153 9864 7742 3472 10
19 5136 4468 9500 8051 7572 6818 781 8037 1414 9574 9930 191 8474 8835 5071 2642 7665 3454 3320
33 7817 7610 7814 4380 1774 6051 1948 3952 1191 6127 2199 3110 292 4747 2652 2772 1320 7518 3185 8315 5651 4445 8116 4307 63 3392 5949 2780 6132 3168 6464 7969 8623
32 6207 5755 4549 3284 5993 8642 730 3592 7531 9669 9900 5024 8404 751 1037 3559 1200 7236 5328 8783 3155 745 1840 136 79 9004 5303 7157 8317 1501 5416 1715
26 2269 8946 9537 8607 9163 6461 4149 5560 7522 6838 1121 6556 5923 4170 4911 9022 4235 9077 6222 6877 3072 3328 4105 6856 7356 7535
38 6530 8752 5158 5463 236 9303 7308 217 4296 5445 6273 132 4097 3645 1347 3997 7265 7499 5855 5601 615 8076 2410 9775 7964 46 6640 7950 9156 9634 3299 6893 9587 8207 3842 4874 5753 3056
29 3868 3431 8747 3660 2380 4419 9470 9298 8702 9387 8002 8121 2571 1776 5535 8926 1045 1101 6255 3021 9328 7390 420 5712 8834 8080 7214 1747 7050
33 3733 9280 700 3840 2237 5258 6510 2479 675 9017 1072 6257 3400 1115 2705 9566 9960 9212 6183 360 4920 9857 9583 424 8440 4832 7917 8005 811 8266 6524 6391 9436
31 5898 9391 2696 3073 9184 3819 6427 8178 762 3154 6473 2505 3360 5009 7561 5418 5714 8261 4391 5329 9915 2002 7672 6044 7577 9562 3223 6448 3427 1440 3409
34 4298 7490 3166 8519 6891 4023 8229 8074 1792 5799 1272 6070 9825 4896 3979 9707 4046 9486 2829 1729 169 8008 6889 8413 1741 2897 3925 596 2091 2141 3036 8190 702 5197
32 81 2764 8212 2858 708 919 795 2540 6221 8115 3123 8889 989 8531 1842 3383 3067 9381 1848 4369 4440 7299 660 459 8922 2916 2103 1015 3717 2065 714 685
19 2400 7113 3006 1580 7562 2776 5681 2374 2539 2506 6005 306 6109 4216 1628 8937 4099 5590 9672
29 6692 9744 8759 1793 768 1830 8577 3732 7604 9114 1754 5079 1235 1727 9841 9301 4502 6888 2314 1109 5 6923 537 9213 9435 5599 9341 266 5994
28 738 3788 1143 5284 8748 4125 9958 9366 7794 8905 5551 9168 2904 2529 8545 1219 7414 326 8027 5353 11 7219 1904 8805 8067 3471 6672 8493
22 1209 9028 3015 9549 4205 906 887 223 2810 4682 6933 8522 468 9588 1700 994 5919 2493 3355 6472 175 4646
25 8672 4373 7875 3623 8534 6577 5798 2536 7212 6554 584 234 1868 5878 6565 3530 9351 78 7160 6089 5058 6699 4967 670 9048
