26 466 7100 8418 5657 3691 1036 1343 4988 885 5752 360 8008 467 5406 5537 7131 9043 1906 3402 901 4863 6107 5832 2415 8603 4753
29 4032 7250 7903 7644 3307 607 3053 8249 582 4345 6328 494 3186 3309 8742 9678 5313 3862 7606 0 2686 1399 2105 8876 3657 394 7470 4848 2881
25 9307 5571 2982 2813 2115 548 6370 2089 171 6058 8524 9845 8407 4178 4683 1983 165 8624 6238 3410 4675 4003 4704 550 5065
31 516 2778 9194 3895 4724 2888 2909 9448 2455 2418 2241 2676 9538 2958 8272 6385 4705 677 4978 7480 1475 8274 7925 2164 7130 9814 8606 869 5919 4118 1783
27 5956 6506 1194 3495 9700 1329 3866 651 4360 775 6355 7012 8751 9148 8795 2994 174 3549 849 5560 1122 1411 1959 3902 5306 476 758
28 2634 9428 682 4620 1694 8159 5248 7509 6330 1711 8417 5090 3030 9868 4702 5181 5321 7720 3859 8031 1961 1943 9777 2952 6576 9848 1721 6960
26 2953 1258 42 1097 2074 4211 1062 1098 4725 8170 7042 214 9626 9465 7207 7878 848 185 3400 1904 6836 8214 7141 640 9992 7508
28 3171 7418 9158 2801 9831 3180 4977 7115 4645 2617 6014 1271 1553 5302 3561 9864 7025 9020 6667 6410 5633 5159 7194 7845 266 8399 4472 1505
28 3578 2701 4982 5899 3787 6168 3762 9638 6867 5962 4643 1738 9783 3940 7108 4519 6822 7149 6544 6308 1144 3563 8757 7901 3677 5382 4823 5625
29 987 9693 3893 3550 2593 2817 7051 6589 6937 6463 9471 9213 8219 8547 5284 1449 1754 8496 1071 6590 3366 8756 5521 1683 5246 8124 6929 5599 7689
27 6215 2863 2922 4316 3329 7246 4344 764 5767 9564 5422 3278 9969 2880 8470 3647 683 6114 3565 2709 5622 1621 5596 9183 172 4995 7504
27 9389 5027 2670 1279 2158 5403 4896 1960 4161 5894 2591 7981 2223 881 3165 2294 2240 7657 6852 8344 3431 4436 8709 104 6297 2683 5692
24 6071 7880 3511 7600 6116 7973 9962 1583 9645 9989 5988 4906 5766 3321 1059 1298 6526 8014 3350 3357 7174 716 4017 3004
29 7780 2841 9280 3150 8784 5931 3285 7161 9155 7691 6061 2255 2749 2424 2853 1138 6693 4946 7097 7688 4640 2312 7892 5300 7605 2605 6963 5245 8678
30 1126 2036 2252 4254 407 4552 3349 6907 6988 2707 4678 8954 7984 5067 2636 7341 6013 6149 4374 7239 6892 7698 3654 7669 2585 522 3665 4918 8077 6504
29 4243 3369 7995 8777 7292 7727 9308 8747 7043 3136 9015 131 5921 2607 8675 3758 7030 9532 9988 2094 2178 4 4060 9729 7340 8913 8026 4709 7735
28 1724 6905 4562 9103 1172 1878 3065 559 5888 2407 219 9957 1410 1168 1956 3204 2900 388 6944 6668 9443 5838 5464 2614 3540 1919 9193 5360
30 8489 9741 4040 6156 2037 7245 6649 1617 1976 6829 5524 5542 135 5267 3481 5162 6335 6746 4456 3704 6579 709 9727 5156 2030 79 1647 1341 4018 8458
30 5964 7620 7567 267 4284 4474 8076 5662 3825 3858 7388 7803 6353 462 2843 1622 1130 7921 4265 5909 3342 7587 6637 6216 1701 719 7440 722 8916 5064
26 283 4020 3341 8149 5100 463 7230 8476 2462 4847 4873 5668 4610 7917 82 9418 7964 6069 1631 9467 9668 3695 7622 863 7854 5365
28 224 4323 2535 3728 4213 4850 8733 4241 5080 77 9688 9473 860 9508 317 9422 8099 4986 5973 6890 3418 1321 9133 9242 5421 3327 2905 2871
32 5629 2014 8614 1221 6614 7016 2966 2737 176 4485 8811 1712 2568 543 2698 7571 3552 9041 4518 4897 444 2109 3788 5183 528 5841 9433 523 6031 5443 1432 2516
27 8982 9202 4006 7094 1052 5555 996 3592 8355 8861 5296 9128 8167 2376 2978 3514 144 6479 3029 9149 6766 8818 8250 8768 1081 1413 7796
28 167 6791 4623 1398 2261 4939 1030 84 6017 401 9756 5930 741 7582 9648 7824 919 2942 6177 762 2917 1235 2738 1256 310 2898 7795 9893
31 6284 6612 889 2185 734 665 2408 6302 1801 4974 4307 8943 8713 3557 1521 3017 728 693 1539 3392 2088 3031 2596 760 1815 5799 2951 8486 2582 1102 6981
31 9177 3114 725 2696 9201 3731 1210 9527 1219 9479 2495 4867 4717 3868 1986 7734 1325 615 8123 3220 6495 375 6203 2971 7127 2632 4831 1082 5458 9763 6142
29 1366 790 9704 6683 1035 1623 6719 2576 6753 893 5426 7844 5136 5230 309 8045 717 5780 961 4352 8503 9647 1157 2936 9163 210 4229 1582 5134
26 6595 3951 2143 1578 4771 5733 2469 1188 4228 2812 4038 6659 7053 1187 1051 8543 6417 5463 8948 2603 1710 1467 3463 3395 3420 5330
31 1073 9309 6389 6676 9795 3223 2317 5287 5917 3472 7725 4197 1763 955 3465 8125 8550 338 4659 9952 9938 7667 38 3773 3052 4553 1720 7959 9695 6072 2502
30 2135 8196 7876 956 3464 3686 6501 1023 3659 9150 4160 8579 536 7655 3936 1205 3596 3365 2482 1423 2002 2799 9069 2327 6807 392 1022 1299 1337 4846
33 7163 9038 3023 3308 6051 7543 2630 1509 1772 1926 6883 3778 7375 4993 5452 4966 5017 2390 1096 1635 2959 4853 59 4338 4245 6316 1933 7524 5197 8299 7916 745 1204
33 281 2902 7293 3871 769 6761 8814 695 8963 9116 7631 8311 9134 9553 2551 8006 572 4854 1828 2857 5414 9621 2750 5217 1500 187 2823 984 327 1908 9937 7396 9489
28 7694 5586 47 1968 3409 7732 7813 3516 5085 4631 2842 2016 7832 9960 3990 9815 8759 6763 5749 2675 5083 5608 959 8097 5527 852 491 3621
26 813 6089 285 4001 2184 624 1803 9851 6639 6911 5272 1099 9084 1688 5026 710 5670 277 1262 708 9178 9169 1332 1369 3994 130
29 6224 3795 213 7886 3195 3051 4818 1671 4062 2441 4367 4159 9717 6941 557 9491 7988 7978 387 8347 5573 2139 8072 5309 1225 9152 6796 4393 5007
32 1215 6974 9294 9040 9839 479 613 6779 7390 8158 9387 9172 6134 2153 5260 2943 6131 6425 2723 3175 4097 126 6363 142 3720 9053 5699 9652 9281 6762 2333 9919
28 9025 5972 4125 1400 8841 4567 4429 7562 7643 9410 1166 9056 6027 2929 5520 9936 2975 9653 3198 8300 7180 9836 4328 783 5018 320 189 5158
30 3358 5592 3191 6726 4527 8952 673 1966 1907 3425 1425 1708 2832 8559 3222 9838 2924 2067 6341 8545 4023 8246 3396 2631 5771 9385 835 9947 90 4281
27 7190 3272 1356 279 1938 6460 9472 7213 7460 7579 8183 6738 9613 6707 3993 2756 8440 598 6665 8634 2313 5069 3058 6254 4837 9030 5798
31 9488 7885 9865 9490 9557 1111 1641 6095 4408 8800 4369 4734 9879 6520 3432 1095 4877 1347 8172 8085 7039 1305 5448 1660 2876 6054 7436 6984 457 1618 9891
26 6055 4563 856 4942 97 7342 143 1351 6104 509 8753 1313 9234 7949 4809 1014 2171 2224 2714 6477 2352 1191 8449 4083 8877 9708
26 2742 5695 3607 8283 3664 7338 1070 1185 5866 2912 5844 2118 3397 8519 7636 3087 129 1364 9983 6235 3935 5092 6864 2544 5500 5815
27 105 4727 6515 8729 4697 7448 2781 7488 3224 4720 1997 1555 7968 2833 7282 1516 1533 6151 3245 9065 7767 6661 7333 1324 2122 5358 5391
29 6771 3671 8007 5188 36 3255 4790 2117 3351 6784 2828 8920 4402 4440 7991 332 6628 5285 4295 1388 1307 8107 9524 8312 122 5087 8437 9407 4706
26 2893 9444 7000 7498 4080 8411 3293 3761 6138 3856 4973 9296 1011 8601 6936 6786 72 1281 7434 8687 6178 5703 9733 1038 8494 439
25 6190 9486 8926 1113 4924 7765 9566 9450 3060 9267 141 6991 2674 7652 6716 7550 4890 7737 6634 9725 8324 7928 4002 820 7782
28 39 5399 6360 4561 7576 8275 7233 1985 3125 3066 3791 1675 8263 9860 2901 9920 1737 2890 9941 2375 464 6472 8305 8949 8392 4362 1510 6409
26 921 380 4137 5824 7505 5800 4057 6909 1827 980 8676 4019 935 3793 9817 1520 3573 1503 1121 7789 6857 89 3149 5503 6329 1390
29 5028 7110 1905 8761 9971 1370 1951 2889 9632 5582 362 8564 3820 2427 2869 3121 198 2395 1290 4990 6350 2103 1546 3627 3287 9792 3974 8715 570
31 8680 9050 3783 1214 6653 378 6037 2353 6118 3800 803 2987 7798 9655 3834 1944 7297 3012 6695 8610 5394 7157 6597 2779 7132 335 4306 5759 7603 8140 7006
27 9658 6652 9120 188 5120 9571 5108 9643 6416 1192 4784 986 8147 7449 8052 5998 7061 6485 4093 1531 8317 6255 2286 2920 3650 9454 1680
27 567 1394 9436 6773 6741 9873 6220 1453 3120 5073 6432 2001 9247 55 2233 8444 1246 8630 2595 8859 3062 6645 5653 4174 244 4259 7867
32 4064 3830 181 510 976 1573 4227 8048 9853 539 7481 1526 3324 3987 661 9227 9721 9205 1812 789 7332 2537 1274 5789 4256 9517 4609 4357 8716 552 3367 8901
25 6492 16 1352 4824 2323 1216 2195 7882 6938 4210 1565 750 5167 8188 8847 492 4804 4302 3604 4744 7229 3355 7466 1729 1575
30 1743 4275 4481 6348 5037 4353 7601 8281 2476 4437 4751 5103 9067 6533 4855 8228 9426 5427 6965 8806 2968 9636 5220 5348 2525 3080 7350 4047 51 2689
27 6002 4041 3436 6108 8562 3646 3708 4435 4460 2008 5941 2661 3714 7835 7722 3614 7089 6242 578 2654 1306 8681 3870 3424 5209 6562 1778
29 6727 2518 8256 5579 3206 2504 7559 4934 7234 6679 9840 8351 2762 1962 1266 7411 779 9372 2531 2583 759 1581 3106 6594 9285 9798 7220 5141 7792
24 5304 7225 6475 7011 9525 6213 1311 954 807 3148 1952 4420 233 9743 7847 2645 5075 6952 7148 6646 4517 5384 8204 5201
25 6280 7830 3034 5275 5169 6711 4459 8064 8381 7066 2657 1280 342 1862 5419 635 5756 5491 7231 1796 9654 2526 8910 7700 115
27 9545 2426 9852 2232 4487 6685 9382 5174 3304 4729 1190 1632 9821 2145 751 2854 2141 6540 235 9075 416 8730 1759 4647 6076 8635 9972
26 1939 6065 2882 6471 8329 2377 9519 2494 9909 9352 1679 7496 3726 4715 2997 8639 6185 2907 8637 9451 4471 3979 3406 9366 2021 4074
31 7109 7580 3212 8215 4763 5361 687 7179 8042 459 1063 8224 2725 7276 8155 8138 2555 1670 134 4478 103 5797 1004 2032 2501 1109 6022 6718 8694 7463 4287
29 8101 3651 6375 9292 4258 7397 5279 5847 3471 9888 4431 2296 5413 3517 109 697 4534 453 3427 43 2991 8608 4543 8966 798 2549 472 8575 718
32 8976 6062 3267 4730 774 6299 4095 7733 7325 4817 3254 1969 771 7104 7942 4037 4542 1464 8955 4671 9122 8695 7946 4840 7409 1156 4165 2326 1031 8511 1971 8745
34 8983 3949 5631 6346 6643 4441 5936 4506 7999 3419 593 5903 4888 6843 3610 7754 4317 2782 4199 4951 6529 8483 2759 161 3985 8767 6816 5056 7729 870 9461 8266 2004 1684
31 9184 4356 5495 4868 9922 4499 7637 9641 6803 6505 2374 8286 6344 3441 2285 3231 6259 5000 8236 1550 6757 1108 1502 9586 3766 4327 1179 2050 6148 7510 1027
30 2574 7718 4493 2702 9118 2250 654 3932 5052 3461 1158 9139 2061 435 6390 8741 1588 9288 1704 9188 7137 727 505 8301 3545 2747 4602 5677 1706 1323
27 5173 298 6378 1342 2944 9921 8999 5748 7353 2007 8591 4833 9221 1922 6352 4747 1228 5035 4958 7028 7614 5850 2932 4337 6906 80 2837
30 477 2174 4139 6900 5213 4232 2602 6989 9898 554 9882 9825 6422 4257 5211 9663 3827 5833 4477 9019 6632 3079 1977 6889 365 9896 5893 2205 4180 8717
31 853 2883 9225 7392 8828 9615 6241 4349 4739 6286 2815 3455 8551 8994 5225 8648 1543 836 5591 9369 50 5226 991 3860 1925 4598 1929 8690 5861 770 8699
28 4613 8156 5196 7186 4628 5077 970 3344 1249 619 2157 7843 7076 3929 1940 2465 4031 7381 5140 1176 7347 1637 2173 5442 3838 6290 121 7263
25 6428 240 8307 8805 6926 6734 9929 7992 5370 7764 8786 1965 7529 6112 1470 2451 6307 8288 5050 1824 8191 4105 9943 5905 3556
31 3032 9362 4674 7531 2663 9007 3669 9324 8490 1005 1461 8109 8722 4157 1508 7113 7173 3846 5883 4315 123 9260 7259 2840 6644 3250 2584 5074 384 5490 7528
26 4780 8546 303 2578 485 3836 2107 2025 3933 1570 1696 3989 2217 7062 2850 7751 1308 9984 6243 7911 2757 9138 9895 6507 6880 5574
29 6598 8353 4264 1106 9561 6249 9498 8504 5774 8710 3672 7280 4936 1890 1685 5484 1605 7444 9096 4282 8815 9518 8104 248 1418 625 8463 5559 3303
31 5760 8102 7676 8409 1233 1766 5005 7503 9009 5288 9541 4686 3527 183 7404 6486 6270 2045 8869 6859 1259 9665 1781 9198 7577 3530 3904 9022 8485 1184 6756
30 9696 5742 534 7801 6725 2041 3482 8446 1173 3506 8514 6583 495 3880 7608 1200 1853 3110 6497 4580 1348 5765 9915 6396 571 5717 3942 2116 5880 8792
24 6509 3042 1490 947 9493 7977 802 4198 6287 3491 577 8628 1282 9779 2429 5700 4484 2416 2073 9399 1229 4419 1945 7151
30 8273 5264 2092 4723 3689 330 1842 4586 2474 5472 4872 4919 2136 4015 1208 1403 9584 6891 1107 2040 8905 5968 9017 2454 6625 180 2090 9628 749 425
29 9233 4244 1143 6466 2385 7703 9417 5116 5939 8520 7471 5139 3253 9550 4084 810 9554 8812 7541 7962 6496 4414 2247 6531 4634 6601 5012 5328 1788
27 5477 5828 9335 5786 8940 1795 5352 675 461 2786 5506 3812 9392 3967 6429 9629 9136 8797 8897 8291 246 3498 5416 6787 2049 629 4130
24 3237 4249 53 6657 9998 6662 8062 9154 8443 788 8348 9079 4522 1405 2570 9174 7523 175 653 9841 2234 1645 7412 8368
25 851 8618 7095 8478 2071 4024 4948 6366 3946 9603 2599 7031 2965 9580 7781 5587 3542 6222 1346 8371 596 7855 7026 3581 7405
31 9766 4612 7290 3200 906 8787 5669 7199 5341 1486 1211 5948 280 9466 9507 2752 4274 5433 5776 3067 9170 6945 2873 2875 8237 1851 2846 5675 4929 8749 8095
23 347 8662 8758 2751 5072 9487 2600 2838 8154 1877 2508 4874 904 1252 6418 6282 2946 8682 4358 3408 9579 1659 4387
25 7776 9095 2216 7715 3041 1084 6192 397 608 5704 4409 3965 9182 4653 4234 9125 1301 116 9546 2378 4204 4179 24 7484 4397
26 772 9605 7893 3246 3334 1873 9197 6798 7482 700 1554 1666 1428 5822 1218 713 4368 3594 6277 8471 4710 7079 511 1771 8277 4075
33 1809 3014 4110 2328 2783 8535 3748 8667 4400 6789 3319 562 6209 1094 6253 6468 9215 1220 8750 9303 331 603 2488 1053 4755 4665 1816 2615 5305 128 8178 6729 5802
25 5705 151 4151 6135 8956 5078 7708 2704 9709 2794 8338 3541 8322 706 9374 8425 9036 6708 4794 8867 5238 1160 2052 9367 6296
30 3508 3981 7701 1552 3950 5529 7831 2081 3973 6705 3805 9437 1021 9502 2325 4427 1105 5938 7344 7339 1134 7209 2562 6183 7306 2870 2587 7266 5897 5244
31 4776 4713 336 9166 8898 1198 3905 4049 1511 6877 6165 4152 4138 4263 5462 1748 1800 4797 6365 7126 6434 7305 8782 7118 9657 4091 4760 8737 4596 1135 875
28 5924 8480 2981 7260 6774 2627 9949 6311 5997 4442 6260 5655 7191 4807 2121 4262 8895 9231 9132 321 2629 137 5693 8139 76 7142 4462 9537
32 7003 7212 3705 9037 4226 6003 2867 6745 3108 5588 6081 5010 3188 4569 9624 5785 6292 8278 7929 1760 5698 2573 3628 540 2566 7944 6942 3069 6057 4087 5388 8205
26 1357 5852 4278 903 7074 4622 8110 699 9156 4373 414 7590 2197 8714 9275 6398 3804 1654 7160 9364 4310 4405 9108 839 3960 290
26 98 6395 245 4236 8251 9073 2586 2658 705 5278 3337 7913 9996 4132 5342 7299 9232 5932 3568 826 3786 7279 5446 1549 6281 8384
29 8342 1504 7425 2087 2161 272 1980 7833 3727 7770 4329 6933 9439 8528 5552 7537 3918 2800 9270 9384 5430 3896 5133 9585 5106 5356 6572 8192 3939
28 2245 7219 5912 7836 8295 1592 9803 5438 1518 3213 5333 7107 7828 7044 4428 5357 2046 2862 7673 344 4923 1090 3298 9381 7621 5498 5958 5857
25 9236 5088 2509 9269 4605 5259 7521 6717 4910 7187 1839 7285 1434 8113 3172 6636 2260 9589 2908 6188 6758 5401 2340 9459 9074
28 1285 469 7938 7184 8063 8521 6851 1745 1237 3593 7193 4129 7668 8944 8270 2821 5093 753 4380 6980 1548 1182 4689 8774 9786 136 4119 4365
35 4029 5195 1201 5210 7677 609 6760 2884 8611 3644 4100 9258 8909 3161 9881 6839 5366 8094 396 9348 8397 5970 3292 704 4111 2903 4077 4134 5475 2511 6868 5144 8703 1608 428
27 5327 9393 8264 5214 9794 1830 7713 8590 2453 6585 8783 8362 2855 8638 674 8723 5041 5102 7570 4215 1682 3658 5086 2475 9859 9185 5131
27 6263 9934 1887 4941 5882 4280 9900 1350 6103 7717 1714 7756 1132 8960 456 2419 5825 1585 4079 4696 5168 9256 5142 8541 7957 254 3263
29 5298 307 3643 2447 2694 5718 9572 4200 5375 2913 843 1678 2393 2341 9855 4672 28 3566 7906 6349 5710 287 9757 7628 4486 3209 2559 1742 2211
26 6304 2536 9914 4410 8826 4617 3057 9754 9145 1936 2042 9077 19 6750 5868 6413 4677 7626 4998 6955 3274 9530 9279 3559 3302 6610
30 7877 5310 7121 2985 3028 4800 7810 4296 3882 4806 621 8946 7615 6427 6227 107 9286 427 9456 9235 5865 6793 5435 4880 8870 533 2466 6357 7007 3315
28 7966 6770 5479 4432 1288 4699 7859 269 2934 1335 9411 7902 259 6450 5494 5079 7679 1183 9651 9616 8529 5001 8350 6146 3626 9011 3747 799
32 7850 979 2542 413 4313 6776 2392 2666 2020 8555 4834 6500 2604 4532 746 3192 2063 8340 4163 5098 5324 4071 4238 4463 7716 3388 8697 5509 318 1603 3884 4749
31 5034 7320 345 9259 8258 9787 7598 9974 6461 2335 8433 7651 5946 7426 119 3802 6163 7402 6336 7401 3183 3584 2281 8441 8001 1792 4271 9889 3903 7185 9214
30 3668 5849 3077 3897 3132 6221 5567 2983 5990 9312 2688 6949 239 670 971 6888 6464 140 8080 8412 918 1083 5879 2271 4411 2810 9100 9365 7516 8289
28 7956 3086 8845 1408 6412 9931 4916 5873 5502 6559 2569 2834 8187 2338 5944 4508 7650 7816 4520 6841 6680 8493 9223 7413 357 3670 4985 6689
26 7804 4221 1244 5478 6143 9099 967 6815 9997 2309 1601 9558 1687 2244 8576 8633 2493 4447 6141 638 168 8567 5672 2104 2038 9604
29 9055 3299 8691 9593 2788 8198 9622 6640 1360 8642 2523 5400 8665 8365 5115 556 3569 4528 4117 5331 4811 412 6294 2262 3975 8661 5811 5526 7433
27 5827 6144 17 8587 6457 3109 9463 7976 3452 2626 1856 4403 9432 2935 8247 9343 963 7086 8918 7513 6137 8588 6775 5621 6310 972 3064
28 9715 6810 1061 6805 7990 1705 8190 6102 7216 6684 5730 9262 8698 1444 2302 666 5607 4796 3735 4055 4654 5232 9048 1140 7224 4960 7681 2069
31 7945 3433 1636 4604 5449 3098 8577 431 8609 7860 1717 1328 6115 4587 7487 4108 4690 4298 3809 5460 1725 7461 6702 7639 6672 3767 3218 6615 6153 5981 2414
28 9874 7005 8491 220 5063 7010 840 7907 7240 1125 4560 9789 5635 2100 2877 4722 3595 8145 6266 9216 6129 228 9003 6325 7068 5595 4601 4732
21 7309 4490 4756 6379 7683 2986 914 8935 942 8302 6264 4149 68 512 929 5779 9782 3608 8000 8532 8964
33 6951 2112 117 9963 3197 223 8462 4107 2212 9087 399 4708 5410 3554 7526 4765 9319 6364 9375 6285 671 4636 2939 9207 1463 3501 7029 7206 6777 6854 8057 694 1586
27 8143 8426 2937 2712 350 3562 493 1180 2439 7154 5184 2964 594 3375 9675 6928 5107 6005 6896 5123 7429 4928 2856 6145 3754 920 8169
34 4600 3507 1819 2972 3794 3983 8499 5145 6439 3910 8419 4177 5004 5457 7294 8872 9816 994 7138 6647 4964 7165 7376 3943 9590 2748 8808 6399 8513 3475 4712 8957 937 4758
25 1519 3242 3430 4889 9014 765 4711 5589 3076 1880 2279 1892 6467 5376 1544 2970 2483 370 2491 5623 7607 2388 9885 1050 4783
26 3690 1445 8770 5329 32 3229 6948 6187 7277 8664 44 6800 940 5048 4371 9388 8011 7382 7485 7123 6925 2168 1733 7316 4975 2337
29 6469 873 2315 4904 8894 7723 3154 2797 7247 4059 9720 7629 5935 9719 519 4893 9032 1833 3661 9287 484 4473 9063 8287 662 7235 8153 5545 2096
27 2190 5564 5439 7438 421 3123 7348 8021 7009 3173 9526 6961 432 2044 2166 3667 4681 3730 2397 9430 6629 8700 3826 4830 8990 9102 2413
31 5280 2892 8975 6132 6447 7202 9496 3063 3703 7304 3477 5138 8466 2054 3921 125 4143 9866 4795 868 962 1368 5535 6534 9028 278 5344 8931 8495 7469 3036
27 4845 4133 4559 2564 1260 6885 8297 71 3398 9764 8857 6025 1314 173 617 8473 9203 2055 7640 8925 908 7687 1975 94 857 5415 2201
25 3179 8142 8593 2012 3265 657 743 4104 4170 6578 9039 433 6100 4291 8116 6374 4808 4187 546 6211 2467 5565 1639 2207 650
27 3081 9669 5801 5720 264 5185 867 9101 9687 9955 4491 8361 2059 6575 3845 6223 8581 5787 3531 2619 6273 3118 2678 7769 3901 4222 1686
33 1988 1404 5343 1450 4147 1918 7536 7455 150 2048 164 3958 6386 3634 8163 681 6234 5887 9173 9932 3956 3892 5137 7821 8175 9105 7887 3407 7993 1793 7890 5060 9086
29 3115 6443 7275 1380 8232 2322 8863 4638 8965 101 4662 3078 7052 3176 252 9271 9691 48 6202 3163 9153 7760 7811 4500 2318 8203 5387 5132 4208
35 3980 1250 2450 7743 1072 7168 2371 6992 62 2620 4464 7334 6835 4816 1310 9767 3480 2945 966 4158 5627 6584 5818 8671 4969 1115 5013 8280 5407 3779 2206 4096 9045 3931 3226
28 4219 686 3934 4094 8727 1427 3837 2962 9773 2512 9131 1327 4603 3182 1139 5270 6474 411 2979 934 5544 620 9697 7117 2955 1852 8016 4085
26 6635 4248 5775 6764 7500 3885 6539 739 5741 791 7704 4533 6236 614 4606 2789 404 2458 7771 8834 6983 3751 6109 204 9113 6122
29 1566 927 3378 8817 825 6613 7414 5580 6541 133 5274 5432 944 3015 1384 4299 9204 4285 7624 9758 4538 6522 3399 1151 7014 9722 4914 7557 8558
30 7368 7645 8900 4372 9245 4339 4531 8837 2367 3326 7422 9474 348 4927 1316 6267 1699 7955 2824 4273 3962 1054 3038 7327 8893 7096 9699 4343 3260 7750
28 9813 8534 9886 8306 2273 658 6566 6247 5147 9090 5053 5467 5335 1663 8912 1374 3861 1722 4549 931 4224 4740 3247 1957 9396 5241 415 4805
34 9543 2984 5176 6179 4103 3852 2861 5326 7851 8568 139 2558 5713 3356 7837 9951 8345 4582 9761 1700 1655 2187 3426 4048 5023 3601 297 2808 3510 5712 9403 470 1142 9760
28 7774 6026 184 8653 8290 3476 1276 2715 763 5021 230 4078 74 1984 9457 60 263 5481 2545 9765 9894 41 1689 8472 299 8058 8029 3157
25 5089 7361 5603 6016 6923 9492 6175 3968 8467 448 7806 9771 4511 4342 7083 5666 6873 4578 152 7336 6128 5856 2618 8321 7905
26 2198 1330 6971 5614 169 5332 5323 9594 9818 2745 7023 8071 6806 389 1872 5563 9261 2283 912 2822 5671 8655 145 7705 1257 6582
28 4737 7634 4707 832 3706 1912 4909 4141 1010 5634 1545 3290 4856 3117 8380 1203 7385 503 9961 6322 6196 7182 3336 2996 4691 3363 949 8036
33 5294 6813 646 9925 9482 7549 5541 5702 8245 2015 786 1506 6164 5687 648 9959 2515 9703 9574 385 2612 9713 7472 7452 5851 1820 5985 1898 9762 4997 3429 3928 2947
26 8150 18 7931 9276 8672 1600 2277 1015 3011 9516 7360 518 8878 2649 5616 7286 2811 4524 359 398 2225 9563 3698 9192 4937 6752
26 3073 2430 3512 8004 8903 5950 2018 9826 5354 319 8882 2425 5660 6655 4068 5711 7930 1236 7661 2051 3641 2140 5461 8536 3632 6690
25 1628 2396 2167 9610 2256 8414 8622 211 440 6618 9702 7166 5149 9110 5066 8937 2344 6954 1661 8148 1850 3485 7849 3322 5598
28 4980 2191 2886 2134 5558 8989 5569 4375 736 9742 2496 2546 1407 2066 7654 2471 3532 5368 4762 1263 3605 1291 3717 2601 9421 127 8556 5896
28 6830 7215 7450 8941 155 5307 2332 1599 8822 110 6404 4599 5469 9676 9833 5647 9606 5038 284 8890 429 4354 6967 6158 3844 4276 4851 8464
34 4446 4865 1028 3622 7389 3941 2129 3797 4590 4501 4772 1897 1261 7070 6824 3286 9811 6368 6516 4286 7589 3543 9031 3719 8505 7119 5810 500 2029 5404 4413 6262 5429 1514
28 7560 5487 928 7395 9357 3001 217 4768 7696 808 6397 1309 1652 9106 8631 2685 8241 4056 480 3505 6921 4142 3467 4301 8501 3613 8560 1698
27 6448 3102 8469 8644 3649 7354 9737 7456 8375 2784 5311 6922 5483 4233 9060 6195 8962 3863 7746 8431 6536 2827 3016 67 4902 8625 6893
26 4940 5340 8879 3680 4004 9671 4981 4109 7958 1785 4140 182 1881 8881 8176 3196 6527 6162 138 1577 8526 7435 4565 358 5031 9409
26 9026 8456 4269 8497 8798 3488 2941 262 535 6214 3169 8889 953 5716 5593 7445 7195 1953 3088 1501 5817 341 9690 2563 5548 5689
28 4774 8578 8106 8130 8090 393 1338 1677 5831 5045 894 7555 5991 8801 4267 8234 8796 1530 637 2930 9126 9738 3104 197 5877 7437 5289 1752
30 5910 5383 4892 4624 451 2200 2532 4115 7749 7610 5601 8151 5493 6052 9243 6407 9807 7544 148 7884 7135 576 7666 9829 3071 3061 1047 9739 1382 5987
29 2401 3046 3291 2697 917 9301 1672 7080 2010 6099 890 8760 1148 7936 2514 8613 7517 6436 364 2933 1642 293 405 3131 3283 6419 9973 8389 7159
26 6053 5205 4754 1633 258 2307 8157 1406 3525 6377 3371 1133 4900 1755 8487 5146 7762 7134 7522 2623 5656 3147 8181 4546 3225 5203
32 3090 814 9990 4656 4626 6039 2027 3044 6340 1243 9509 4007 7742 1871 5992 6339 1471 724 8066 9076 1224 4651 8666 7241 3857 1287 7848 5731 5444 8991 9121 5602
31 7393 5727 7386 2417 2706 9130 7183 5725 3537 70 4648 3759 1448 1420 501 9577 368 7493 5597 6538 5854 8720 8554 3474 8343 8405 9714 1422 8210 8459 2665
31 8978 5515 8924 2406 3982 5681 3598 1843 3128 1387 9368 4361 6010 9199 9625 9354 9144 6700 6139 9291 1195 1371 8585 6724 4425 5514 177 8127 166 2120 8891
29 8995 9679 7177 2598 9200 5937 7223 1606 2894 2123 2477 9390 2695 5904 6503 3381 8165 3642 7594 324 7357 847 6847 7208 6898 3439 9318 806 6106
28 6186 3572 7707 8515 6838 5224 587 2428 8647 7919 2215 797 5301 6982 8053 8936 6097 9485 2961 437 3083 7660 9051 2382 2404 8542 5605 201
30 7364 2361 738 9673 4810 3239 9059 3289 3199 9268 965 2009 6276 490 8724 1789 7841 417 7748 7515 6362 1248 9567 1231 2343 2300 4252 781 6248 9642
31 8825 6894 8848 7331 8516 8813 6079 6369 7989 9341 1213 5615 679 1626 2209 7998 4679 4239 2859 6376 1443 8043 3156 8947 9732 6166 8605 6962 6359 8829 4566
32 3348 626 5955 2763 720 3843 3739 3801 5650 6999 9322 6208 8748 8506 2386 3346 3072 2754 376 2973 7584 9884 5047 2638 1424 3 9004 5121 6860 3734 7273 3948
27 5468 9559 9775 6465 6611 6244 3503 10 1920 2102 9542 8646 630 3957 932 6113 5738 9965 5561 6714 325 3450 5658 260 8202 3009 1831
28 3193 5111 2885 4667 2845 3386 9682 7672 2653 6551 3208 7283 8775 8789 7073 7407 4822 6326 3673 545 5881 913 3039 8852 7939 5363 372 588
28 5788 4190 2410 7809 81 4469 3515 5626 3054 2767 3742 418 2026 2560 9520 1524 5336 5349 2503 6343 8086 8391 8831 2131 7196 6452 4465 8781
29 3971 8980 8055 4558 9190 5380 2592 8885 1693 8385 950 4116 4058 1876 95 9112 1640 6250 8573 2963 1794 5594 2058 7198 9618 3438 6691 7588 5084
31 1044 4745 6686 7553 6742 9631 9394 2547 2557 4335 3275 381 8552 1378 2769 5091 6819 9596 9980 2635 2732 9799 5891 2851 8298 158 8950 6671 7146 3817 1594
30 6387 7205 7612 4498 9044 6638 2681 8544 2077 4430 731 286 9478 6133 3519 2731 6817 2179 5450 7566 395 7085 7933 3277 7825 9670 3521 9274 1292 8794
30 1630 7539 96 1066 7036 5019 7136 9206 2534 3288 1459 1669 4894 2829 5372 7823 8838 1931 1991 4162 4838 8349 7586 8081 2204 5252 7150 737 1845 861
28 5816 794 8352 2735 3713 1523 7145 6833 241 5470 6768 2298 4336 6740 3886 3937 9850 2567 5223 8226 5150 7399 6675 5193 1909 6430 9250 160
26 6303 1469 4052 9161 3891 9062 7868 1747 3732 5996 5417 7507 7684 3449 4230 3546 8364 8374 1227 1814 7670 7269 270 4510 5233 9674
28 4694 7602 7069 5531 1651 515 8216 8512 78 1253 9872 8692 3119 4124 9035 584 4895 8074 8572 1039 7343 3602 7497 1155 8376 2651 3513 1079
30 5453 6229 5377 580 6794 8530 8410 1376 8403 4592 9427 9042 6157 35 7483 6400 4072 4322 9111 403 6692 7873 6721 3889 5070 7017 99 8134 7099 7648
34 6060 6781 4195 4504 2804 7078 2034 6125 40 1564 7842 8998 276 6406 255 5576 6000 9189 6423 8933 2354 9091 2345 8705 3434 2910 8929 6091 8508 3219 7067 4726 1723 1620
30 933 2062 8696 1964 6415 811 6812 1657 4703 5983 9698 3818 7787 3190 3478 5751 2082 114 7152 8574 1888 2193 23 5258 9331 5237 4836 1041 1317 6555
30 6875 1529 6577 7423 9506 1391 7692 3070 5362 9460 5566 8316 6257 6314 8254 6333 7093 5153 108 1857 200 1727 1487 4952 7871 9970 4415 7665 3305 9416
26 8809 306 2774 7899 9071 7298 1866 382 3599 5364 8255 1457 468 5505 1692 6476 3924 1116 8211 3976 6795 2858 8372 1171 4913 6230
27 4076 5390 5381 5872 8422 4992 2480 7573 9085 1273 3380 6068 3145 6437 7895 6828 7362 3361 1970 9923 6870 5488 3682 3258 5863 6599 8643
31 7724 7359 974 2561 4070 9413 7274 5161 4171 1863 5202 8803 6084 3915 602 1265 1484 3314 9619 8078 8707 5715 7951 1207 9730 2529 858 9057 9332 9797 4253
30 3181 8856 9755 7486 9505 4825 1914 6564 328 6470 5980 8871 2699 5268 995 3574 4627 5925 6785 7432 6809 3068 5770 3281 1974 4061 7799 3252 3230 1136
31 5728 9736 2349 2269 3938 3555 1994 7162 1240 8923 3113 5745 9646 1567 3580 5095 5347 2348 6990 2445 227 6023 5504 499 1551 3551 6920 3850 4944 2753 7740
28 9964 7143 356 7278 4933 5610 8693 6268 4206 4802 5437 2733 8668 1386 9176 8035 8686 6848 957 828 8540 3636 4557 8592 1780 8327 2967 6147
26 1624 726 7468 1736 4673 4879 3824 6930 7773 7021 7310 6552 2411 5128 1016 3635 5200 4203 9728 9137 7147 735 1375 9772 9602 8068
28 373 7491 8135 5867 2780 8860 3771 4657 8438 8883 1222 9672 6737 2203 6723 1790 9278 3167 6351 5207 2652 8619 1165 3227 2998 8415 4451 5846
27 5696 4777 3494 7815 1037 6553 2421 7091 8607 6919 507 7965 7986 7428 9186 3101 958 1865 9483 256 6908 2785 2387 4444 7702 1643 3045
26 9404 3775 5806 8137 4438 9119 1024 4932 3376 6862 1087 3140 9659 872 9064 3129 6283 8335 3619 6678 4926 1247 5465 4376 1767 6256
29 9434 6367 8009 9300 9830 3122 8855 3368 3930 9680 8993 4406 6706 5286 304 7755 1358 2672 939 3103 1868 7642 8197 4871 6558 6313 6713 4721 3911
27 4899 1085 3445 3645 1534 9917 7671 6573 5533 6487 3996 8732 8997 7400 3816 4669 5345 2809 1791 1336 7222 7994 4536 4167 9339 6882 8218
29 5651 3749 2500 423 1731 6748 5208 1465 6237 7697 2213 3855 936 346 6673 1928 9759 2060 3694 3964 9349 3022 3567 3393 9089 1379 4288 3765 4022
26 7258 4748 4383 9954 689 3675 3999 2251 2579 21 1488 6623 1482 7961 8105 9661 3492 7741 4220 8930 3822 8208 8267 5191 2239 7105
28 1303 4551 4972 1032 6045 7046 888 497 8091 4098 5547 9253 5451 8836 6886 273 5454 215 1665 7358 778 8537 4240 2575 5969 2222 4801 9405
32 2363 616 8257 9438 2369 5663 6078 1452 2448 6728 3135 8683 6451 9328 2642 196 2613 3769 946 7619 8050 1823 253 4027 6532 9414 9066 7210 690 9940 8531 3282
28 6233 9999 6066 9078 7267 8919 1065 558 5644 4042 8313 6030 234 8330 6225 6219 8961 8051 9858 6481 5476 9612 1264 7090 7827 6040 7747 4398
27 1787 7417 5359 2472 7322 5678 7489 5455 2402 6034 7826 2331 5892 7595 9070 8527 3955 755 4011 5837 3539 5568 9843 6972 611 4476 7430
25 3155 3997 1838 2243 5423 6459 4489 6712 7302 7155 6844 3414 6169 3152 9768 9740 3954 9124 5002 4949 8766 9994 4746 5254 5172
29 6517 247 1808 8674 2330 4053 8239 9179 4957 7909 8406 5281 9591 3490 8136 4186 8260 1883 776 3796 154 7987 1442 7898 6528 8238 1981 9986 8061
30 6525 7476 2864 2355 1092 6797 1154 5624 2321 7383 8740 4266 2142 1255 9383 7758 1869 1048 6561 5900 6194 4475 915 2000 7709 2152 3564 2442 7122 8265
28 8229 8840 6530 3548 2106 2316 1481 56 3625 878 1018 6849 6874 222 1319 6605 3711 4742 9495 4883 824 409 1837 5853 1304 5234 5292 61
30 2581 9745 7289 8571 2895 1101 6050 8656 9800 1042 6986 7616 1440 5679 6083 232 6872 2726 9013 4661 5792 9228 386 1558 7124 5620 3460 3037 2053 7490
28 9029 9548 8702 2263 7623 1911 9129 5325 5978 1846 9265 3166 9907 1355 6167 4548 8658 8020 7457 6047 8018 8657 406 1245 4192 8553 1046 547
32 4194 6098 3959 7018 8112 6837 3738 4166 8659 9283 4379 1840 353 9609 2730 2687 9464 1393 8604 2218 2790 3538 1060 1078 2866 4792 2266 3158 7243 4082 8442 4821
32 4297 4594 1750 5951 7321 8012 2154 2915 5823 773 2284 6831 1528 216 8921 1206 1491 5006 1587 379 9315 291 27 9010 4135 2728 6408 249 2940 7356 5255 6046
26 6754 5632 4935 5054 4106 2144 8685 5431 9832 4148 7664 9104 1468 3912 3043 64 3760 6939 6056 6946 6687 6092 236 6252 7680 7495
30 4788 6593 6217 2391 5554 2182 6172 3823 9240 5295 3116 8971 8566 2155 9785 841 9911 1741 4921 441 8650 9218 9770 1695 3401 339 8615 4766 8408 514
28 9684 8394 6778 9219 669 6701 9500 6491 7251 3323 5290 7265 8746 8377 8424 8992 4144 9556 3273 3520 5706 8069 6029 9746 4930 422 5350 3300
29 1942 8207 1702 5562 8452 7454 1589 3874 2668 7891 7420 7638 8632 9824 9238 5556 2662 6200 1193 5523 9006 4842 6170 8886 8161 8945 2028 1049 91
30 3353 231 3821 282 3544 7904 5154 7658 5235 3865 1855 6973 2381 3194 9944 8367 3093 6995 8040 8785 2095 7693 8334 9592 118 7314 1517 2235 7047 92
28 2931 8673 2265 2433 9778 9251 4884 6201 2380 1396 7659 7378 5062 691 4869 4069 3005 7633 7092 2163 7574 5055 8337 8799 4574 2329 4013 1019
32 3963 6694 6826 229 5929 5127 9913 9878 2351 1574 1362 2637 6088 7218 8802 6565 4216 5778 7103 3435 26 6077 2043 4169 4588 2990 4209 8875 761 855 795 5530
30 8701 656 57 610 1532 5979 900 2196 7041 6523 3917 478 3585 7288 2181 8015 8951 3238 9617 7291 6301 458 2248 8259 3112 498 5781 3233 9686 2226
25 1436 6204 3988 1861 3364 5652 2314 7050 3451 3746 7004 9712 8293 9711 7879 6931 6730 8164 7617 4050 8880 8874 4126 3422 6321
36 4416 308 9333 3111 8315 111 1320 5040 1515 124 7467 3526 8627 1958 6035 1947 7935 7632 4378 482 8453 6956 7054 275 8244 2282 586 5906 4290 1326 8093 3947 7808 9978 8835 2366
30 6710 5428 7699 6032 821 712 5654 9649 3447 2633 2802 5744 1496 606 1690 1941 3533 1383 3343 9660 5049 6869 3867 149 2228 2492 6554 9093 1277 1361
27 3579 2079 4516 9397 1149 4593 4334 2539 3458 785 4922 6004 2887 767 6825 113 641 9187 2640 5680 5447 1446 1025 6884 916 3851 4089
32 3639 2507 5764 4945 8319 9862 1713 7380 9533 3617 1056 8013 9217 7040 5482 6621 9175 2926 296 4424 1703 6382 3898 2677 7431 6664 4399 2679 4658 1835 6563 8569
31 4066 4573 6174 5009 4803 3558 4898 1495 3854 6327 2528 7475 732 4991 1870 7082 9246 7738 4450 2744 2339 9241 8827 3829 8357 1441 4423 6197 2398 5953 8217
33 120 7379 9159 4181 1602 6011 2703 3782 1395 1169 2080 6546 5353 3986 8318 7554 7197 7710 3618 5583 1579 9293 4418 3215 6206 6609 8434 1057 2787 1008 7281 2137 4731
26 2347 945 6865 2527 3819 4330 5396 8915 2852 8373 6808 8010 8447 7970 2013 6431 9583 684 221 3699 7374 2625 9752 9458 3913 3741
28 2437 3339 8030 9337 2199 6309 6827 592 9052 3241 1409 6012 3992 8390 3873 9819 5971 9361 3914 8953 7049 8663 5346 3486 4687 3638 5402 2434
26 6935 4065 7552 6697 8810 3753 9379 4956 4841 3256 7114 7784 5386 5434 4611 9977 9600 3389 525 4852 37 3553 9400 696 6127 5750
27 6975 2489 6617 618 3922 8024 3623 7947 3523 3049 3217 7171 1150 1372 8303 2791 6641 13 816 7997 1238 5645 3002 563 1513 1879 2253
29 9114 740 8366 3995 4505 4652 7153 9796 9627 5581 5840 8481 2849 5378 474 5630 5283 7352 3616 206 8209 5688 7565 7805 1764 6996 4488 4885 8346
35 8580 4341 7477 2949 419 5058 8017 1874 2432 5719 5790 9230 6978 7075 5826 4045 323 9710 9447 190 5032 5152 7519 3763 3454 3807 9415 8378 4260 2238 1131 6044 2231 9504 3412
26 5177 5318 6453 6620 2746 551 4507 5808 5923 2928 3251 2773 6093 2517 5959 2643 9560 1472 842 969 985 6958 2399 8370 4663 9578
27 5379 5485 8887 8934 5114 6462 1732 3872 6150 1927 5367 4292 7578 5994 4642 9776 2460 251 9224 225 7065 1414 2093 3764 997 2085 7888
29 2974 9906 7312 524 9535 6846 1318 8331 9599 6433 659 4571 4217 2305 9689 5466 2005 8222 6704 8488 6557 1175 2078 1460 7785 9127 6442 9634 5096
30 3284 7924 2506 541 6445 349 1485 7953 1074 1561 5293 2370 7814 1147 2793 8780 2249 6915 9266 93 1590 6298 9094 5682 208 5277 2275 1479 9435 9523
24 3487 7128 2242 4145 5685 8833 1664 6345 3382 1137 5339 7355 837 5600 3828 4154 8927 63 3839 6383 8369 2006 595 7363
30 4815 8092 9582 9513 3972 3916 383 6818 3848 6332 4698 8296 2463 333 2543 4736 714 8706 4954 2589 5940 3415 3909 7786 660 8200 6101 9363 6007 1768
28 9347 1917 6096 7556 9810 8819 8310 1580 4185 6571 2969 7501 3998 6642 2911 4641 4385 3662 5550 4629 2019 4351 4340 3470 6840 5030 1821 2003
27 1596 2795 1189 7319 3248 4575 2777 9540 4466 7492 7872 2311 924 5243 5960 7063 3702 6518 5239 5051 5804 9370 7800 311 2047 4541 5974
33 9380 3468 632 430 6709 7101 4789 9575 4943 2334 408 1841 6240 9255 75 2721 9522 7474 5661 829 7564 6591 1973 8430 5784 9788 7858 6394 7506 8721 2076 3483 1497
25 7690 9081 4859 9047 9946 2540 3630 3524 2740 6549 4146 8445 4202 7592 5649 9171 8152 3174 4646 3261 2186 5135 1604 604 9475
29 1322 4247 1447 6008 5708 5148 9565 2192 4131 4655 3611 1751 3745 6574 1199 6603 8435 363 1572 3740 2084 3137 1045 532 644 7442 988 1196 7908
25 5110 7788 9222 8180 5878 3024 982 6560 6028 2693 302 9569 4156 1886 6861 3025 4497 9849 780 5724 1392 2301 6440 8252 4401
30 7427 8804 4764 8972 4660 9229 1458 8235 6850 925 5261 5965 544 5291 6783 2086 831 1972 2272 8022 9325 8832 6176 2172 923 1489 8194 6586 8103 8174
32 9480 5029 9639 2727 8100 7778 7301 9272 1829 6251 268 3733 4793 7518 5334 2847 4363 655 7593 7088 9511 9431 8325 6631 1813 8223 7646 9744 634 7317 891 6306
29 4812 9576 4214 2860 6953 9933 159 3370 3688 8 6669 1086 6735 4325 3624 4293 7144 4692 2522 6550 8621 8771 2921 1123 2775 2177 8911 8054 6751
29 9237 5240 6126 823 5819 1784 4967 4014 1571 5351 31 424 5976 3403 2538 1389 7502 3560 6435 2691 3446 6780 5222 3391 7296 9809 4741 8712 5198
29 6677 9581 1159 5848 9837 2022 5316 3359 1209 8185 6895 1967 3187 6018 8830 1547 1807 6258 7446 4581 5257 3798 2291 4251 4917 6858 5697 292 9716
31 450 3835 2 2705 7478 9371 1779 237 4454 7912 4733 4272 8731 6799 2830 1002 9034 4391 2999 564 9080 9876 8333 1769 702 2412 7237 6521 3681 5830 9342
28 4359 6619 2033 4300 1989 5884 5805 5726 7311 3189 5667 3306 2831 6210 5215 9298 4979 4556 5022 2486 7221 367 4348 322 8451 3205 9784 3750
37 1916 7228 866 9408 6184 3010 6832 3373 2459 6154 4370 5604 5809 402 1921 4494 7653 1104 3876 3332 4182 209 922 1272 1832 896 1924 5374 2165 9455 100 2254 1 8117 3048 2324 5242
34 2017 3153 5572 9528 3752 6985 1145 8917 9871 537 6969 2083 5859 2064 1739 4576 3744 9373 8184 203 3270 1650 6119 5758 4773 8461 9857 6490 5901 6189 2267 7 8612 2960
28 7920 2530 6765 5543 4861 827 2373 6970 943 2246 4183 1798 7315 4684 5094 4127 9115 1891 2133 9257 2836 8533 5124 2938 7591 4457 6473 4467
28 2872 7940 2280 680 504 7045 1903 4547 3712 5690 9806 6358 6373 202 4618 1161 1882 9501 3768 7318 3092 8046 6372 2420 1437 8484 7656 4639
28 3056 2656 4544 1058 2110 3236 5862 8744 8773 5943 3780 3000 9346 5319 4155 6318 4996 3489 7271 7447 2768 1438 3571 6042 8171 4513 2310 9706
29 819 1614 1776 1612 5977 8599 7547 4114 4422 7479 7797 6232 1068 3295 3849 2487 6772 7900 5273 2346 5814 3919 517 4268 6514 3648 1377 6295 3008
27 2868 7545 4994 502 9323 4122 3130 6616 265 6289 7889 7084 4081 1990 9685 6136 4963 2288 5036 8548 5982 6731 1889 7910 7313 58 1289
27 8645 3692 436 7779 4212 3249 9449 4010 6998 3888 7120 4767 162 6288 3097 9165 6511 8776 5308 4633 5408 8849 3479 4021 1269 6508 730
31 6388 9068 5895 6454 6917 787 5585 8866 892 3715 4025 3587 7875 5109 9 7561 12 326 3603 1124 6681 5916 2024 3456 2138 4770 9345 7974 7972 7726 4016
31 199 4799 488 6658 9701 3018 6354 8049 1093 9168 3377 2580 4005 2761 33 7214 7686 2669 6 5312 8141 8582 1234 8475 1512 1000 6802 1522 902 9107 5874
23 1230 3127 8468 7439 4728 6015 5474 3457 941 9327 445 8120 649 5999 8769 5920 9295 2807 5855 756 1435 8583 3864
27 5081 5411 8977 3678 1616 1834 6743 6876 8060 3660 9630 7008 678 6910 5794 5042 642 3331 3296 5791 4090 300 864 8096 2644 3143 2160
29 5206 768 9861 6191 5130 9141 899 1455 7024 2770 2268 7326 5839 3019 1982 9549 5405 7772 3810 1619 1075 5933 2711 909 7270 6587 5618 1141 7839
32 5025 3354 6218 4668 8413 747 5914 7532 9945 4191 4787 454 2772 8549 1363 9273 4905 7081 5528 784 4589 8038 9985 7059 8739 3966 527 7838 7232 4908 4407 8027
28 668 8261 589 5517 6924 4866 2320 7583 6059 5735 1825 486 6588 1646 1844 9503 4314 4346 3387 6269 5385 8958 9109 9555 3184 5942 6356 862
28 4320 645 8206 312 8790 3469 5510 3847 4775 7129 9863 8726 1367 1992 6063 1202 4693 3725 9834 1239 5927 3126 3811 1576 4564 5456 7745 5606
29 7534 2394 6987 5253 3035 7038 8195 7609 9939 4153 1077 5229 9330 9208 5011 2130 5984 1949 5105 7248 9212 6715 438 7261 8595 766 6663 1270 2108
33 1668 9054 2292 2444 1648 568 7763 7035 1709 1954 3214 2906 8242 977 2805 8654 9289 1757 3776 4303 744 88 9344 1076 9681 1978 3589 8033 4326 1634 7037 8942 2667
24 1562 4886 2170 6823 7613 6899 8981 191 964 5674 3266 542 9993 6024 8479 5418 2925 561 7268 391 7954 8323 9310 623
25 1749 9551 1181 1397 1128 7441 5761 9611 8500 992 54 8427 9277 4443 9869 9316 2572 8386 9420 1170 7736 5908 4781 5151 9462
28 2520 3655 6080 8201 2708 9210 7714 257 4570 2957 6342 4364 8079 7967 7071 9092 4384 3927 2308 8791 3575 9005 707 9046 6624 9299 1667 9164
27 5199 7443 5902 3707 2031 583 2792 4989 7641 449 871 2422 4903 8959 729 9305 2820 5676 9614 9790 9748 8522 3875 998 8938 8332 7927
26 6699 8179 4786 9539 2510 3877 1421 6979 7857 9650 8146 1540 5219 4649 5250 6570 4887 801 6845 2796 8073 8538 2989 1649 5746 8996
28 207 8602 305 4479 6161 6228 5398 796 8967 7345 366 506 6087 1676 7328 4700 2755 4218 5163 4381 2680 8358 4962 8133 1118 4514 1658 7087
28 1454 7373 205 2588 3138 1197 5869 9573 3203 8864 6130 6426 4164 2056 3883 5643 4205 3033 2214 9595 6755 6722 1100 7102 2304 5008 2127 8341
33 7001 1344 9499 4009 7950 9353 4968 6265 3328 5068 7494 179 1864 2548 7753 2764 6480 8309 1473 2125 8457 884 6291 5782 2608 7351 1241 4568 3785 5922 8388 4583 5986
28 8328 9735 3216 5155 1770 3164 7923 711 5112 7922 5963 1896 3413 4901 7794 9976 3297 6455 7034 1278 5441 3674 6782 5829 1610 6853 9856 1525
28 7064 5915 8640 1948 4860 1806 2403 6182 1893 7158 5673 7862 6567 5271 846 9350 7300 3411 5639 1412 9453 7377 3756 1353 7575 9635 6688 4434
29 186 8225 49 6074 2147 2287 3301 1232 1430 6239 999 1900 8448 3831 968 9948 9515 2739 1456 1885 782 8765 8382 3685 9981 8660 7817 4176 4305
23 288 7585 9083 8294 907 9302 4550 1029 8122 7323 2400 5299 5664 4188 7685 69 5486 4283 7520 5813 6275 1415 3687
32 2035 6033 565 390 1638 4931 2720 4121 1854 8087 6041 3338 1775 8523 4999 2270 8220 4870 5845 212 4987 1212 5175 7865 2293 6337 9358 3729 7242 6904 8850 9656
32 4976 8939 2443 8268 9440 643 6820 9167 3774 2162 3444 6173 5646 9928 226 8395 8111 8561 1993 2124 8285 7244 5166 7941 3211 7599 5425 9313 4950 4168 4207 4404
28 6483 7421 1537 9683 106 951 8906 426 3497 8416 3737 6140 1901 1498 1946 8969 8119 6498 1836 4911 1728 4682 9151 9058 1153 2916 1611 6545
29 8067 471 605 3701 3790 2659 7546 4289 2577 2194 7731 6019 1542 4439 8059 809 4530 8498 8907 4175 8502 4102 7793 7254 7175 9181 5392 4043 2690
25 7227 8932 4616 5729 9705 1507 9252 6502 1673 4685 7996 8108 5262 9317 1597 2365 521 7647 1067 3813 4971 2713 7775 9950 1433
33 2648 4483 2210 9534 1217 410 3394 4907 4237 9854 1762 8873 926 4417 3390 8083 4983 374 2456 6569 1569 7394 1934 8641 7635 2150 1242 7551 973 715 9870 876 4173
25 3496 9774 3770 833 7370 34 2716 5637 9899 8474 2776 8762 7369 3841 7308 8028 531 9734 5518 2660 7777 9191 9494 4828 5640
25 5171 1818 1480 830 452 5101 9846 8193 7178 5820 6512 978 5170 2023 5842 8839 3417 7330 7201 4092 7204 8114 8968 879 7056
24 5216 5497 8231 7597 5701 9484 3085 3944 5796 6111 2896 7324 2646 6887 1538 4630 5046 5315 9666 4827 526 7783 3089 5471
28 9512 1995 5871 2552 4193 9880 2692 1884 3799 887 8162 8986 6381 5966 9644 7371 9445 1697 6943 6934 5039 4579 6581 9570 4750 7033 2183 5297
28 5061 9707 3330 818 9958 3789 1563 3631 242 990 6319 6049 4496 622 5534 1114 496 7167 2610 3385 9023 5898 5165 4495 8743 455 8336 1359
28 6117 8423 5071 4389 5762 3629 7866 8326 5954 2844 5885 5160 3792 8772 4595 4455 5157 1296 7458 4311 4778 8233 9753 1559 9336 7918 4714 7739
34 8763 4839 9924 2565 2798 600 5590 400 9476 9391 9927 3360 8284 9146 6592 8539 4525 4270 5057 2541 6703 7015 6371 9987 6627 7384 5638 1598 9750 6927 9049 3006 9935 3268
28 6548 9692 7721 7514 473 4318 5186 4876 3522 7077 4044 8089 8684 9497 2295 5228 6482 6596 7032 4545 7983 4554 8704 9477 4458 5575 3335 5519
30 9536 636 2258 8121 4844 1607 1662 4955 1001 5194 2435 1915 8988 5836 2336 7262 6070 7759 7403 1381 5684 9211 5355 1006 3869 2356 1349 4925 9359 6600
30 316 8227 6231 9664 9338 9072 9979 3676 6021 8652 6732 5076 9887 633 5694 5736 8922 3815 6152 5099 9956 4136 9607 2825 5249 334 7630 6082 1064 2524
33 8339 3007 4277 7055 4377 5617 5812 5473 9469 1013 5553 8669 6950 1177 7812 4829 3235 3340 3637 8070 1867 8465 898 7048 1811 5044 6094 5187 8354 5126 3159 3404 238
28 2379 3170 1477 4355 6226 2490 2848 7535 2816 6744 1088 7253 742 7980 9867 5409 4635 4101 3133 4858 2202 9694 4688 590 5525 2927 9016 420
29 6747 8360 2641 4621 1080 9568 8455 3683 3633 5989 6535 7391 5707 7863 4664 3316 7730 2533 132 1069 2091 6801 4039 4523 4063 2389 3723 3347 5440
29 7473 3059 4875 4676 3443 8129 1017 4965 6499 1595 597 8586 4843 2468 7982 2208 3881 1625 3840 4503 9376 9395 3294 792 854 9402 8557 9321 5665
28 8734 377 2479 9877 3050 1401 9377 2639 1112 6994 3084 2440 6272 5499 4246 8626 6274 2368 2513 938 4891 4864 5807 9088 8973 2897 5739 1373
28 2992 6879 2655 4509 2766 3504 1129 1162 7027 7398 8199 5734 6739 9662 7511 3100 9355 5772 7712 859 4761 271 6444 86 1849 8282 6957 639
28 5619 6968 1799 6720 9239 3781 9024 1283 8865 5757 3718 2719 2188 8292 7971 5907 3900 9117 8711 8985 1146 8420 6626 371 6666 8708 1426 8728
27 8755 9781 3047 4738 3879 2151 1847 1186 9209 5612 66 2457 8843 6305 5373 7181 2722 8387 6604 7568 4862 8752 1091 880 6180 8182 2879
25 2826 3696 3142 9620 5397 9995 8271 7257 6696 3679 845 8518 3345 5218 7943 8816 1152 8823 3177 3953 6411 4235 7818 5769 4785
28 2736 4034 1817 1402 87 9452 7236 487 4382 3547 8854 3466 2611 3096 6160 1483 1499 4912 757 6633 3925 628 4984 9791 3228 447 8240 4735
29 9018 5508 647 2650 3310 1935 7139 8896 6871 7249 5104 7408 3722 6207 9033 3162 6271 4826 6914 9822 1284 6405 7807 6993 3201 9157 7116 9000 692
31 3906 8400 5538 4555 1103 4046 8019 3842 2682 5445 4584 2057 3202 2438 2423 1932 8088 2149 8023 9718 6788 7569 5236 5369 5251 6438 5266 6391 5918 6123 5513
25 2099 6556 508 5737 2219 1009 8212 1734 9892 9749 6804 9521 2011 8725 4347 8477 6622 5793 1707 7572 3276 8032 5118 1773 1254
29 5952 8679 5641 5227 157 2594 3590 85 5389 6159 1451 6155 6654 7861 5320 5709 5424 9847 6902 2175 1331 3325 2297 3518 337 9552 3684 3743 883
34 7948 4073 6361 1223 8688 9282 5783 4395 895 2237 9097 2409 4304 192 5024 4719 6947 9160 4857 9254 2446 7189 1110 2571 1275 3313 4449 8979 2914 6086 9953 5889 7256 6198
28 4718 2221 3697 6736 6421 6602 627 7410 112 4008 1295 434 25 9290 4835 7058 9263 1730 1466 2977 4537 7678 5753 7937 2259 7674 5864 2497
26 5536 5314 5125 1007 7627 7604 8084 6488 9147 1987 2818 5763 8041 9982 4433 1033 9412 5926 4680 1226 2771 1735 3312 8596 7840 5337
28 4832 2227 5212 243 1629 9633 7366 897 579 5843 530 1656 8003 3040 8186 9340 6660 2264 2865 4585 8778 2473 4961 2132 7459 2156 4695 2948
28 9890 6085 3405 8177 1340 9966 2039 5492 6897 8884 3612 4012 2647 2342 7125 6630 8821 8779 1417 1055 4757 3977 314 2159 5993 905 6199 9001
23 1178 5549 3459 5648 3597 8454 4591 8429 1462 7856 3279 5059 7542 6420 5860 9008 9823 865 612 5129 3055 1609 5577
31 7106 6110 1268 3890 1744 8253 1858 817 6020 7985 5122 7870 8248 3588 5338 1089 3280 2111 5609 3075 4468 5489 815 1043 9912 5743 4540 9195 8904 8262 6324
26 9808 5282 5551 886 6814 9967 4312 2918 7581 5721 3656 1716 3362 5636 8128 9905 4607 805 1560 6181 3094 812 7349 7226 9724 6279
31 3576 4814 2891 4614 1996 8404 250 3833 7952 7846 7337 3383 2954 8914 6458 8082 1439 4625 7406 7002 8862 6698 7926 2621 8970 3442 8788 2835 14 2068 7706
27 7934 5276 2372 2553 2765 9401 3105 1782 529 6821 4196 9805 4512 153 2289 688 7695 5834 7649 9012 3663 1805 193 930 73 9975 4882
32 8065 7744 1804 7881 5412 3736 8764 754 4255 800 1365 3352 218 4791 3027 1758 4120 2176 9901 6608 5179 6769 5247 575 1913 2956 9162 6881 4619 2189 1535 4470
28 45 667 5143 3640 4099 5016 3755 5 1593 9351 2384 5082 8888 2229 7852 3107 313 3003 6338 7022 2360 4030 5611 3984 4539 6997 7164 1615
30 7662 2114 3970 8589 2819 295 8649 2993 6384 1765 5870 9926 6648 5480 5546 2274 4294 2383 5803 1979 2350 3240 1267 6542 7200 5928 8851 3652 4878 9423
33 8670 4480 6650 9135 4632 5961 2169 8565 9902 3244 4184 7761 1163 3606 4396 9677 7172 7307 9529 294 3700 6424 2364 6918 9123 3961 4231 520 15 9801 8401 3021 5178
26 7284 1899 5911 3693 9248 5777 6901 7596 4331 2452 7834 2710 4366 4521 1164 3317 8858 3926 6120 2358 6245 9968 6261 3318 3151 5511
28 4529 7533 1119 1127 3437 2718 3502 6749 8098 4332 7252 3124 7346 475 8629 3448 6493 8509 7415 8037 2449 1416 804 5015 8379 29 6524 4959
23 7675 7618 5190 1797 3320 8432 355 7663 6682 3803 1429 9820 6580 5532 8651 9908 7303 2616 9142 1591 5512 3899 6916
27 7975 3853 7387 4189 7424 1613 3082 983 6347 601 7329 5192 6293 1345 7829 8598 703 3894 3374 3421 9378 8846 9562 3311 2148 3074 1557
30 4088 3333 6043 9793 4113 4201 8892 6607 3923 4426 2673 777 2113 6300 6790 1556 6670 9098 672 9180 9991 1167 7790 7864 6811 7416 5691 8160 8221 1859
23 3615 2065 5957 1012 6478 6048 6606 7372 5231 6964 9804 6090 6064 11 7558 4309 7894 2357 2505 3259 1756 4448 4759
26 6903 877 2290 6966 52 7462 6380 5768 7869 1286 3583 3384 9547 9320 8396 4421 3146 6038 30 7013 4947 8597 3600 1003 8039 6246
29 5875 7682 553 1492 9470 8047 1726 1998 3814 7915 663 7335 1923 993 3500 1334 5628 1777 721 3210 446 8383 2485 3529 7914 7853 1826 4577 8902
30 9812 1312 8460 5204 7264 3586 7896 7211 6543 2070 822 3453 8166 1476 8853 3721 3945 2724 8570 1894 2257 3499 6193 8689 9424 4051 8450 5876 1691 9726
30 2436 2236 3262 1627 5947 7883 7897 3710 6205 22 4881 4666 7272 9061 9510 1902 8308 8213 7548 2478 9769 8677 4813 5119 9356 9731 9334 9780 3141 9875
30 4054 5221 4035 102 8842 3907 8820 20 4615 46 9844 146 5858 5395 1302 9623 5821 5755 3666 9747 5642 8617 2461 8824 5934 7451 9082 2700 2899 2362
26 361 5516 8616 850 748 3493 4128 7819 6403 574 6456 3757 2319 1040 5371 6393 1848 2146 7072 3570 1385 2359 7060 8005 2717 2741
29 1718 1493 8279 3591 9314 6767 6842 3908 9883 8393 465 9842 6334 3969 911 7170 952 7111 3168 9827 2664 9597 352 4445 3991 289 1644 3440 3178
25 1875 8984 8974 838 8132 6537 2609 7098 5265 2803 4938 3509 1740 178 6036 8738 2126 4261 2128 6006 9531 483 5393 8482 3234
27 5507 4452 3207 4637 4820 3428 1955 3271 1930 4953 6759 3372 7960 2521 6323 9398 4388 2101 5890 4319 7979 5317 4782 9140 8398 1822 5496
24 9930 6446 7563 2484 569 8525 8359 3026 8304 4482 2878 2554 7611 9264 3978 7465 7419 2758 989 513 7728 8793 2874 4572
34 369 5754 9587 3577 6484 8636 555 7203 6315 7295 2624 6317 6674 4390 6401 7538 9904 9640 7176 7540 4392 2628 5659 7255 1950 7766 685 2431 7969 6834 8623 6959 3784 147
28 4670 261 591 2075 2988 8144 5683 6320 1315 7530 8044 9637 9002 3095 2481 4172 65 1860 5995 3416 4394 9667 3808 1810 7874 6067 194 676
28 6932 3609 5436 6402 2098 9386 9903 975 8436 5113 4502 6913 6792 5570 4028 599 1333 9021 8899 6001 3462 538 8600 2519 4779 2760 7192 7112
24 6568 8075 5835 9304 315 5578 4453 6121 4308 8320 1294 4492 1786 8736 5886 7367 4150 8056 8584 3952 9027 4223 7963 701
31 6856 2904 2980 6977 4716 8517 1293 9297 9468 5722 443 5420 9249 7287 981 4321 8754 6212 5945 6733 6547 560 9897 1746 5714 9326 5164 9598 329 1020 4644
36 7625 7188 2814 9419 8363 9751 3232 6863 1474 2919 2072 2097 2230 549 8168 698 6278 7019 1541 7525 274 1536 9442 9942 8718 2950 9429 163 2220 2119 4461 1719 4412 8928 2923 7820
32 2276 6651 7768 8507 6441 4242 723 6414 1674 4743 1895 8428 5740 3264 8356 2590 834 5613 5263 4915 1354 2499 7156 7711 2734 1494 5949 3139 3832 3528 2498 3473
27 8243 6513 6073 9588 4752 2671 5020 1339 4250 5459 5539 9723 7802 5773 9406 9196 1999 5014 3709 1963 2299 3484 844 7169 1034 156 6976
31 301 9910 793 3920 481 5303 4112 7932 3887 3185 8908 3091 7057 1120 3724 4386 3620 3269 6124 489 6878 4650 4033 1026 1568 8314 2278 442 1802 1937 9446
29 4067 882 2306 195 948 4769 3020 4279 3257 5256 7217 6331 5522 340 7512 83 5732 5003 960 5747 8402 4324 2995 3144 9143 581 1174 8126 9311
32 5913 8844 664 8025 2556 8987 3777 3806 4515 1297 6171 2597 5975 5033 6009 5967 8118 9544 6449 2806 4597 9306 9226 8034 4798 8131 2550 9608 9828 8173 7499 3379
28 2839 4026 3535 3160 170 8492 2470 3653 3099 2729 5322 585 1653 752 9284 7464 5117 5189 631 5540 7752 6510 910 9360 7365 460 8510 9329
30 3534 8807 3134 6866 566 4970 7453 5043 8002 7238 8735 4086 1715 1117 7527 8276 5269 2976 5182 4535 5795 4920 9425 2405 5501 4225 9802 1419 3243 6489
37 8620 6855 6312 1753 2180 4608 3716 1584 4333 7133 7822 1251 7140 6519 8594 2684 8421 1527 7791 3221 1300 2303 9441 5557 5097 3582 9220 1681 8439 7020 4526 6105 6656 8719 9916 9481 9514
25 354 5723 4819 1431 8868 8269 5686 1774 343 2622 3772 1761 6912 6940 3423 5584 5180 9918 4123 874 652 9244 4701 9601 7719
24 4350 8563 351 8189 2464 733 1478 8230 6494 3878 2606 4849 8115 4036 6075 4000 2743 7757 1910 3013 6392 9835 3536 573
